Script started on 2026-03-15 20:11:32+00:00 [TERM="xterm" TTY="/dev/pts/8" COLUMNS="80" LINES="24"]
make[1]: Entering directory '/data/tools/pave/innexis_home/vsi_2025.2/examples/vsiTutorials/.robot_line_follower/src/lineFollowerDT'
python3 .//src/visualizer/visualizer.py --domain="AF_UNIX" --server-url="localhost" --output-tag="run_default"
+=+ XLVIP-INFO: XlTlmMessageLayer::connectToServer():
+=+    Connecting clientId=':remoteSession2' to 'server@localhost' ...
+=+    Successfully connected 'client :remoteSession2' to 'server@localhost'
+=+    Negotiated socket connection configuration
+=+        Use socket manager thread=FALSE
+=+        Use TCP_NODELAY=TRUE
+=+        Use UDP=FALSE
+=+ XLVIP-INFO: XlTlmMessageLayer::connect():
+=+    Successfully connected this remote client conduit into the TLM fabric server:
+=+        clientId=:remoteSession2
+=+        conduitId=:timeServerConduit2
           localClientConduitHandle=0x5bcd220e4478
           remoteServerProxyConduitHandle=0x2043e6d0
+=+ XLVIP-INFO: XlTlmMessageLayer::connect():
+=+    Successfully connected this remote client conduit into the TLM fabric server:
+=+        clientId=:remoteSession2
+=+        conduitId=:resetServerConduit2
           localClientConduitHandle=0x5bcd225876a8
           remoteServerProxyConduitHandle=0x2043ad00
+=+ XLVIP-INFO: XlTlmMessageLayer::connect():
+=+    Successfully connected this remote client conduit into the TLM fabric server:
+=+        clientId=:remoteSession2
+=+        conduitId=:txConfigPort2
           localClientConduitHandle=0x5bcd2256bf90
           remoteServerProxyConduitHandle=0x2044d420
+=+ XLVIP-INFO: XlTlmMessageLayer::connect():
+=+    Successfully connected this remote client conduit into the TLM fabric server:
+=+        clientId=:remoteSession2
+=+        conduitId=:rxConfigPort2
           localClientConduitHandle=0x5bcd21f682e0
           remoteServerProxyConduitHandle=0x20449820
+=+ INFO: ... successfully connected to TLM FabricServer !
+=+ XLVIP-INFO: XlTlmMessageLayer::connect():
+=+    Successfully connected this remote client conduit into the TLM fabric server:
+=+        clientId=:remoteSession2
+=+        conduitId=:txCanFrameConduit2
           localClientConduitHandle=0x5bcd22586f40
           remoteServerProxyConduitHandle=0x20443710
+=+ XLVIP-INFO: XlTlmMessageLayer::connect():
+=+    Successfully connected this remote client conduit into the TLM fabric server:
+=+        clientId=:remoteSession2
+=+        conduitId=:rxCanFrameConduit2
           localClientConduitHandle=0x5bcd21d7fdf0
           remoteServerProxyConduitHandle=0x204425a0

+=visualizer+=  t=0.000s  e_lat=0.000000

+=visualizer+=  t=0.001s  e_lat=0.300000

+=visualizer+=  t=0.002s  e_lat=0.300010

+=visualizer+=  t=0.003s  e_lat=0.300020

+=visualizer+=  t=0.004s  e_lat=0.300028

+=visualizer+=  t=0.005s  e_lat=0.300035

+=visualizer+=  t=0.006s  e_lat=0.300042

+=visualizer+=  t=0.007s  e_lat=0.300049

+=visualizer+=  t=0.008s  e_lat=0.300055

+=visualizer+=  t=0.009s  e_lat=0.300061

+=visualizer+=  t=0.010s  e_lat=0.300067

+=visualizer+=  t=0.011s  e_lat=0.300073

+=visualizer+=  t=0.012s  e_lat=0.300078

+=visualizer+=  t=0.013s  e_lat=0.300083

+=visualizer+=  t=0.014s  e_lat=0.300087

+=visualizer+=  t=0.015s  e_lat=0.300092

+=visualizer+=  t=0.016s  e_lat=0.300096

+=visualizer+=  t=0.017s  e_lat=0.300099

+=visualizer+=  t=0.018s  e_lat=0.300103

+=visualizer+=  t=0.019s  e_lat=0.300106

+=visualizer+=  t=0.020s  e_lat=0.300109

+=visualizer+=  t=0.021s  e_lat=0.300111

+=visualizer+=  t=0.022s  e_lat=0.300113

+=visualizer+=  t=0.023s  e_lat=0.300115

+=visualizer+=  t=0.024s  e_lat=0.300117

+=visualizer+=  t=0.025s  e_lat=0.300118

+=visualizer+=  t=0.026s  e_lat=0.300119

+=visualizer+=  t=0.027s  e_lat=0.300119

+=visualizer+=  t=0.028s  e_lat=0.300120

+=visualizer+=  t=0.029s  e_lat=0.300120

+=visualizer+=  t=0.030s  e_lat=0.300120

+=visualizer+=  t=0.031s  e_lat=0.300119

+=visualizer+=  t=0.032s  e_lat=0.300118

+=visualizer+=  t=0.033s  e_lat=0.300117

+=visualizer+=  t=0.034s  e_lat=0.300116

+=visualizer+=  t=0.035s  e_lat=0.300114

+=visualizer+=  t=0.036s  e_lat=0.300112

+=visualizer+=  t=0.037s  e_lat=0.300109

+=visualizer+=  t=0.038s  e_lat=0.300107

+=visualizer+=  t=0.039s  e_lat=0.300104

+=visualizer+=  t=0.040s  e_lat=0.300100

+=visualizer+=  t=0.041s  e_lat=0.300097

+=visualizer+=  t=0.042s  e_lat=0.300093

+=visualizer+=  t=0.043s  e_lat=0.300089

+=visualizer+=  t=0.044s  e_lat=0.300084

+=visualizer+=  t=0.045s  e_lat=0.300080

+=visualizer+=  t=0.046s  e_lat=0.300075

+=visualizer+=  t=0.047s  e_lat=0.300069

+=visualizer+=  t=0.048s  e_lat=0.300064

+=visualizer+=  t=0.049s  e_lat=0.300058

+=visualizer+=  t=0.050s  e_lat=0.300051

+=visualizer+=  t=0.051s  e_lat=0.300045

+=visualizer+=  t=0.052s  e_lat=0.300038

+=visualizer+=  t=0.053s  e_lat=0.300031

+=visualizer+=  t=0.054s  e_lat=0.300023

+=visualizer+=  t=0.055s  e_lat=0.300015

+=visualizer+=  t=0.056s  e_lat=0.300007

+=visualizer+=  t=0.057s  e_lat=0.299999

+=visualizer+=  t=0.058s  e_lat=0.299990

+=visualizer+=  t=0.059s  e_lat=0.299981

+=visualizer+=  t=0.060s  e_lat=0.299972

+=visualizer+=  t=0.061s  e_lat=0.299963

+=visualizer+=  t=0.062s  e_lat=0.299953

+=visualizer+=  t=0.063s  e_lat=0.299943

+=visualizer+=  t=0.064s  e_lat=0.299932

+=visualizer+=  t=0.065s  e_lat=0.299921

+=visualizer+=  t=0.066s  e_lat=0.299910

+=visualizer+=  t=0.067s  e_lat=0.299899

+=visualizer+=  t=0.068s  e_lat=0.299887

+=visualizer+=  t=0.069s  e_lat=0.299876

+=visualizer+=  t=0.070s  e_lat=0.299863

+=visualizer+=  t=0.071s  e_lat=0.299851

+=visualizer+=  t=0.072s  e_lat=0.299838

+=visualizer+=  t=0.073s  e_lat=0.299825

+=visualizer+=  t=0.074s  e_lat=0.299811

+=visualizer+=  t=0.075s  e_lat=0.299798

+=visualizer+=  t=0.076s  e_lat=0.299784

+=visualizer+=  t=0.077s  e_lat=0.299769

+=visualizer+=  t=0.078s  e_lat=0.299755

+=visualizer+=  t=0.079s  e_lat=0.299740

+=visualizer+=  t=0.080s  e_lat=0.299725

+=visualizer+=  t=0.081s  e_lat=0.299709

+=visualizer+=  t=0.082s  e_lat=0.299693

+=visualizer+=  t=0.083s  e_lat=0.299677

+=visualizer+=  t=0.084s  e_lat=0.299661

+=visualizer+=  t=0.085s  e_lat=0.299644

+=visualizer+=  t=0.086s  e_lat=0.299627

+=visualizer+=  t=0.087s  e_lat=0.299610

+=visualizer+=  t=0.088s  e_lat=0.299592

+=visualizer+=  t=0.089s  e_lat=0.299575

+=visualizer+=  t=0.090s  e_lat=0.299556

+=visualizer+=  t=0.091s  e_lat=0.299538

+=visualizer+=  t=0.092s  e_lat=0.299519

+=visualizer+=  t=0.093s  e_lat=0.299500

+=visualizer+=  t=0.094s  e_lat=0.299481

+=visualizer+=  t=0.095s  e_lat=0.299461

+=visualizer+=  t=0.096s  e_lat=0.299441

+=visualizer+=  t=0.097s  e_lat=0.299421

+=visualizer+=  t=0.098s  e_lat=0.299401

+=visualizer+=  t=0.099s  e_lat=0.299380

+=visualizer+=  t=0.100s  e_lat=0.299359

+=visualizer+=  t=0.101s  e_lat=0.299337

+=visualizer+=  t=0.102s  e_lat=0.299316

+=visualizer+=  t=0.103s  e_lat=0.299294

+=visualizer+=  t=0.104s  e_lat=0.299272

+=visualizer+=  t=0.105s  e_lat=0.299249

+=visualizer+=  t=0.106s  e_lat=0.299226

+=visualizer+=  t=0.107s  e_lat=0.299203

+=visualizer+=  t=0.108s  e_lat=0.299180

+=visualizer+=  t=0.109s  e_lat=0.299156

+=visualizer+=  t=0.110s  e_lat=0.299132

+=visualizer+=  t=0.111s  e_lat=0.299108

+=visualizer+=  t=0.112s  e_lat=0.299083

+=visualizer+=  t=0.113s  e_lat=0.299058

+=visualizer+=  t=0.114s  e_lat=0.299033

+=visualizer+=  t=0.115s  e_lat=0.299007

+=visualizer+=  t=0.116s  e_lat=0.298982

+=visualizer+=  t=0.117s  e_lat=0.298956

+=visualizer+=  t=0.118s  e_lat=0.298929

+=visualizer+=  t=0.119s  e_lat=0.298903

+=visualizer+=  t=0.120s  e_lat=0.298876

+=visualizer+=  t=0.121s  e_lat=0.298849

+=visualizer+=  t=0.122s  e_lat=0.298821

+=visualizer+=  t=0.123s  e_lat=0.298793

+=visualizer+=  t=0.124s  e_lat=0.298765

+=visualizer+=  t=0.125s  e_lat=0.298737

+=visualizer+=  t=0.126s  e_lat=0.298708

+=visualizer+=  t=0.127s  e_lat=0.298679

+=visualizer+=  t=0.128s  e_lat=0.298650

+=visualizer+=  t=0.129s  e_lat=0.298620

+=visualizer+=  t=0.130s  e_lat=0.298591

+=visualizer+=  t=0.131s  e_lat=0.298560

+=visualizer+=  t=0.132s  e_lat=0.298530

+=visualizer+=  t=0.133s  e_lat=0.298499

+=visualizer+=  t=0.134s  e_lat=0.298468

+=visualizer+=  t=0.135s  e_lat=0.298437

+=visualizer+=  t=0.136s  e_lat=0.298406

+=visualizer+=  t=0.137s  e_lat=0.298374

+=visualizer+=  t=0.138s  e_lat=0.298342

+=visualizer+=  t=0.139s  e_lat=0.298309

+=visualizer+=  t=0.140s  e_lat=0.298276

+=visualizer+=  t=0.141s  e_lat=0.298243

+=visualizer+=  t=0.142s  e_lat=0.298210

+=visualizer+=  t=0.143s  e_lat=0.298177

+=visualizer+=  t=0.144s  e_lat=0.298143

+=visualizer+=  t=0.145s  e_lat=0.298109

+=visualizer+=  t=0.146s  e_lat=0.298074

+=visualizer+=  t=0.147s  e_lat=0.298039

+=visualizer+=  t=0.148s  e_lat=0.298004

+=visualizer+=  t=0.149s  e_lat=0.297969

+=visualizer+=  t=0.150s  e_lat=0.297933

+=visualizer+=  t=0.151s  e_lat=0.297898

+=visualizer+=  t=0.152s  e_lat=0.297861

+=visualizer+=  t=0.153s  e_lat=0.297825

+=visualizer+=  t=0.154s  e_lat=0.297788

+=visualizer+=  t=0.155s  e_lat=0.297751

+=visualizer+=  t=0.156s  e_lat=0.297714

+=visualizer+=  t=0.157s  e_lat=0.297676

+=visualizer+=  t=0.158s  e_lat=0.297639

+=visualizer+=  t=0.159s  e_lat=0.297600

+=visualizer+=  t=0.160s  e_lat=0.297562

+=visualizer+=  t=0.161s  e_lat=0.297523

+=visualizer+=  t=0.162s  e_lat=0.297484

+=visualizer+=  t=0.163s  e_lat=0.297445

+=visualizer+=  t=0.164s  e_lat=0.297405

+=visualizer+=  t=0.165s  e_lat=0.297365

+=visualizer+=  t=0.166s  e_lat=0.297325

+=visualizer+=  t=0.167s  e_lat=0.297285

+=visualizer+=  t=0.168s  e_lat=0.297244

+=visualizer+=  t=0.169s  e_lat=0.297203

+=visualizer+=  t=0.170s  e_lat=0.297162

+=visualizer+=  t=0.171s  e_lat=0.297120

+=visualizer+=  t=0.172s  e_lat=0.297078

+=visualizer+=  t=0.173s  e_lat=0.297036

+=visualizer+=  t=0.174s  e_lat=0.296994

+=visualizer+=  t=0.175s  e_lat=0.296951

+=visualizer+=  t=0.176s  e_lat=0.296908

+=visualizer+=  t=0.177s  e_lat=0.296865

+=visualizer+=  t=0.178s  e_lat=0.296821

+=visualizer+=  t=0.179s  e_lat=0.296778

+=visualizer+=  t=0.180s  e_lat=0.296734

+=visualizer+=  t=0.181s  e_lat=0.296689

+=visualizer+=  t=0.182s  e_lat=0.296644

+=visualizer+=  t=0.183s  e_lat=0.296600

+=visualizer+=  t=0.184s  e_lat=0.296554

+=visualizer+=  t=0.185s  e_lat=0.296509

+=visualizer+=  t=0.186s  e_lat=0.296463

+=visualizer+=  t=0.187s  e_lat=0.296417

+=visualizer+=  t=0.188s  e_lat=0.296371

+=visualizer+=  t=0.189s  e_lat=0.296324

+=visualizer+=  t=0.190s  e_lat=0.296277

+=visualizer+=  t=0.191s  e_lat=0.296230

+=visualizer+=  t=0.192s  e_lat=0.296182

+=visualizer+=  t=0.193s  e_lat=0.296135

+=visualizer+=  t=0.194s  e_lat=0.296086

+=visualizer+=  t=0.195s  e_lat=0.296038

+=visualizer+=  t=0.196s  e_lat=0.295990

+=visualizer+=  t=0.197s  e_lat=0.295941

+=visualizer+=  t=0.198s  e_lat=0.295892

+=visualizer+=  t=0.199s  e_lat=0.295842

+=visualizer+=  t=0.200s  e_lat=0.295792

+=visualizer+=  t=0.201s  e_lat=0.295742

+=visualizer+=  t=0.202s  e_lat=0.295692

+=visualizer+=  t=0.203s  e_lat=0.295642

+=visualizer+=  t=0.204s  e_lat=0.295591

+=visualizer+=  t=0.205s  e_lat=0.295540

+=visualizer+=  t=0.206s  e_lat=0.295488

+=visualizer+=  t=0.207s  e_lat=0.295437

+=visualizer+=  t=0.208s  e_lat=0.295385

+=visualizer+=  t=0.209s  e_lat=0.295332

+=visualizer+=  t=0.210s  e_lat=0.295280

+=visualizer+=  t=0.211s  e_lat=0.295227

+=visualizer+=  t=0.212s  e_lat=0.295174

+=visualizer+=  t=0.213s  e_lat=0.295121

+=visualizer+=  t=0.214s  e_lat=0.295067

+=visualizer+=  t=0.215s  e_lat=0.295013

+=visualizer+=  t=0.216s  e_lat=0.294959

+=visualizer+=  t=0.217s  e_lat=0.294905

+=visualizer+=  t=0.218s  e_lat=0.294850

+=visualizer+=  t=0.219s  e_lat=0.294795

+=visualizer+=  t=0.220s  e_lat=0.294740

+=visualizer+=  t=0.221s  e_lat=0.294684

+=visualizer+=  t=0.222s  e_lat=0.294628

+=visualizer+=  t=0.223s  e_lat=0.294572

+=visualizer+=  t=0.224s  e_lat=0.294516

+=visualizer+=  t=0.225s  e_lat=0.294459

+=visualizer+=  t=0.226s  e_lat=0.294402

+=visualizer+=  t=0.227s  e_lat=0.294345

+=visualizer+=  t=0.228s  e_lat=0.294288

+=visualizer+=  t=0.229s  e_lat=0.294230

+=visualizer+=  t=0.230s  e_lat=0.294172

+=visualizer+=  t=0.231s  e_lat=0.294114

+=visualizer+=  t=0.232s  e_lat=0.294055

+=visualizer+=  t=0.233s  e_lat=0.293996

+=visualizer+=  t=0.234s  e_lat=0.293937

+=visualizer+=  t=0.235s  e_lat=0.293878

+=visualizer+=  t=0.236s  e_lat=0.293818

+=visualizer+=  t=0.237s  e_lat=0.293758

+=visualizer+=  t=0.238s  e_lat=0.293698

+=visualizer+=  t=0.239s  e_lat=0.293638

+=visualizer+=  t=0.240s  e_lat=0.293577

+=visualizer+=  t=0.241s  e_lat=0.293516

+=visualizer+=  t=0.242s  e_lat=0.293455

+=visualizer+=  t=0.243s  e_lat=0.293393

+=visualizer+=  t=0.244s  e_lat=0.293331

+=visualizer+=  t=0.245s  e_lat=0.293269

+=visualizer+=  t=0.246s  e_lat=0.293207

+=visualizer+=  t=0.247s  e_lat=0.293144

+=visualizer+=  t=0.248s  e_lat=0.293081

+=visualizer+=  t=0.249s  e_lat=0.293018

+=visualizer+=  t=0.250s  e_lat=0.292954

+=visualizer+=  t=0.251s  e_lat=0.292891

+=visualizer+=  t=0.252s  e_lat=0.292827

+=visualizer+=  t=0.253s  e_lat=0.292762

+=visualizer+=  t=0.254s  e_lat=0.292698

+=visualizer+=  t=0.255s  e_lat=0.292633

+=visualizer+=  t=0.256s  e_lat=0.292568

+=visualizer+=  t=0.257s  e_lat=0.292503

+=visualizer+=  t=0.258s  e_lat=0.292437

+=visualizer+=  t=0.259s  e_lat=0.292371

+=visualizer+=  t=0.260s  e_lat=0.292305

+=visualizer+=  t=0.261s  e_lat=0.292239

+=visualizer+=  t=0.262s  e_lat=0.292172

+=visualizer+=  t=0.263s  e_lat=0.292105

+=visualizer+=  t=0.264s  e_lat=0.292038

+=visualizer+=  t=0.265s  e_lat=0.291970

+=visualizer+=  t=0.266s  e_lat=0.291903

+=visualizer+=  t=0.267s  e_lat=0.291835

+=visualizer+=  t=0.268s  e_lat=0.291766

+=visualizer+=  t=0.269s  e_lat=0.291698

+=visualizer+=  t=0.270s  e_lat=0.291629

+=visualizer+=  t=0.271s  e_lat=0.291560

+=visualizer+=  t=0.272s  e_lat=0.291490

+=visualizer+=  t=0.273s  e_lat=0.291421

+=visualizer+=  t=0.274s  e_lat=0.291351

+=visualizer+=  t=0.275s  e_lat=0.291281

+=visualizer+=  t=0.276s  e_lat=0.291210

+=visualizer+=  t=0.277s  e_lat=0.291140

+=visualizer+=  t=0.278s  e_lat=0.291069

+=visualizer+=  t=0.279s  e_lat=0.290997

+=visualizer+=  t=0.280s  e_lat=0.290926

+=visualizer+=  t=0.281s  e_lat=0.290854

+=visualizer+=  t=0.282s  e_lat=0.290782

+=visualizer+=  t=0.283s  e_lat=0.290710

+=visualizer+=  t=0.284s  e_lat=0.290637

+=visualizer+=  t=0.285s  e_lat=0.290564

+=visualizer+=  t=0.286s  e_lat=0.290491

+=visualizer+=  t=0.287s  e_lat=0.290418

+=visualizer+=  t=0.288s  e_lat=0.290344

+=visualizer+=  t=0.289s  e_lat=0.290271

+=visualizer+=  t=0.290s  e_lat=0.290196

+=visualizer+=  t=0.291s  e_lat=0.290122

+=visualizer+=  t=0.292s  e_lat=0.290047

+=visualizer+=  t=0.293s  e_lat=0.289972

+=visualizer+=  t=0.294s  e_lat=0.289897

+=visualizer+=  t=0.295s  e_lat=0.289822

+=visualizer+=  t=0.296s  e_lat=0.289746

+=visualizer+=  t=0.297s  e_lat=0.289670

+=visualizer+=  t=0.298s  e_lat=0.289594

+=visualizer+=  t=0.299s  e_lat=0.289517

+=visualizer+=  t=0.300s  e_lat=0.289441

+=visualizer+=  t=0.301s  e_lat=0.289364

+=visualizer+=  t=0.302s  e_lat=0.289286

+=visualizer+=  t=0.303s  e_lat=0.289209

+=visualizer+=  t=0.304s  e_lat=0.289131

+=visualizer+=  t=0.305s  e_lat=0.289053

+=visualizer+=  t=0.306s  e_lat=0.288975

+=visualizer+=  t=0.307s  e_lat=0.288896

+=visualizer+=  t=0.308s  e_lat=0.288817

+=visualizer+=  t=0.309s  e_lat=0.288738

+=visualizer+=  t=0.310s  e_lat=0.288659

+=visualizer+=  t=0.311s  e_lat=0.288579

+=visualizer+=  t=0.312s  e_lat=0.288499

+=visualizer+=  t=0.313s  e_lat=0.288419

+=visualizer+=  t=0.314s  e_lat=0.288339

+=visualizer+=  t=0.315s  e_lat=0.288258

+=visualizer+=  t=0.316s  e_lat=0.288177

+=visualizer+=  t=0.317s  e_lat=0.288096

+=visualizer+=  t=0.318s  e_lat=0.288014

+=visualizer+=  t=0.319s  e_lat=0.287933

+=visualizer+=  t=0.320s  e_lat=0.287851

+=visualizer+=  t=0.321s  e_lat=0.287768

+=visualizer+=  t=0.322s  e_lat=0.287686

+=visualizer+=  t=0.323s  e_lat=0.287603

+=visualizer+=  t=0.324s  e_lat=0.287520

+=visualizer+=  t=0.325s  e_lat=0.287437

+=visualizer+=  t=0.326s  e_lat=0.287354

+=visualizer+=  t=0.327s  e_lat=0.287270

+=visualizer+=  t=0.328s  e_lat=0.287186

+=visualizer+=  t=0.329s  e_lat=0.287102

+=visualizer+=  t=0.330s  e_lat=0.287017

+=visualizer+=  t=0.331s  e_lat=0.286932

+=visualizer+=  t=0.332s  e_lat=0.286847

+=visualizer+=  t=0.333s  e_lat=0.286762

+=visualizer+=  t=0.334s  e_lat=0.286676

+=visualizer+=  t=0.335s  e_lat=0.286591

+=visualizer+=  t=0.336s  e_lat=0.286504

+=visualizer+=  t=0.337s  e_lat=0.286418

+=visualizer+=  t=0.338s  e_lat=0.286332

+=visualizer+=  t=0.339s  e_lat=0.286245

+=visualizer+=  t=0.340s  e_lat=0.286158

+=visualizer+=  t=0.341s  e_lat=0.286070

+=visualizer+=  t=0.342s  e_lat=0.285983

+=visualizer+=  t=0.343s  e_lat=0.285895

+=visualizer+=  t=0.344s  e_lat=0.285807

+=visualizer+=  t=0.345s  e_lat=0.285718

+=visualizer+=  t=0.346s  e_lat=0.285630

+=visualizer+=  t=0.347s  e_lat=0.285541

+=visualizer+=  t=0.348s  e_lat=0.285452

+=visualizer+=  t=0.349s  e_lat=0.285363

+=visualizer+=  t=0.350s  e_lat=0.285273

+=visualizer+=  t=0.351s  e_lat=0.285183

+=visualizer+=  t=0.352s  e_lat=0.285093

+=visualizer+=  t=0.353s  e_lat=0.285003

+=visualizer+=  t=0.354s  e_lat=0.284912

+=visualizer+=  t=0.355s  e_lat=0.284821

+=visualizer+=  t=0.356s  e_lat=0.284730

+=visualizer+=  t=0.357s  e_lat=0.284639

+=visualizer+=  t=0.358s  e_lat=0.284547

+=visualizer+=  t=0.359s  e_lat=0.284455

+=visualizer+=  t=0.360s  e_lat=0.284363

+=visualizer+=  t=0.361s  e_lat=0.284271

+=visualizer+=  t=0.362s  e_lat=0.284178

+=visualizer+=  t=0.363s  e_lat=0.284085

+=visualizer+=  t=0.364s  e_lat=0.283992

+=visualizer+=  t=0.365s  e_lat=0.283899

+=visualizer+=  t=0.366s  e_lat=0.283805

+=visualizer+=  t=0.367s  e_lat=0.283711

+=visualizer+=  t=0.368s  e_lat=0.283617

+=visualizer+=  t=0.369s  e_lat=0.283523

+=visualizer+=  t=0.370s  e_lat=0.283428

+=visualizer+=  t=0.371s  e_lat=0.283333

+=visualizer+=  t=0.372s  e_lat=0.283238

+=visualizer+=  t=0.373s  e_lat=0.283143

+=visualizer+=  t=0.374s  e_lat=0.283047

+=visualizer+=  t=0.375s  e_lat=0.282951

+=visualizer+=  t=0.376s  e_lat=0.282855

+=visualizer+=  t=0.377s  e_lat=0.282759

+=visualizer+=  t=0.378s  e_lat=0.282662

+=visualizer+=  t=0.379s  e_lat=0.282565

+=visualizer+=  t=0.380s  e_lat=0.282468

+=visualizer+=  t=0.381s  e_lat=0.282371

+=visualizer+=  t=0.382s  e_lat=0.282273

+=visualizer+=  t=0.383s  e_lat=0.282176

+=visualizer+=  t=0.384s  e_lat=0.282078

+=visualizer+=  t=0.385s  e_lat=0.281979

+=visualizer+=  t=0.386s  e_lat=0.281881

+=visualizer+=  t=0.387s  e_lat=0.281782

+=visualizer+=  t=0.388s  e_lat=0.281683

+=visualizer+=  t=0.389s  e_lat=0.281583

+=visualizer+=  t=0.390s  e_lat=0.281484

+=visualizer+=  t=0.391s  e_lat=0.281384

+=visualizer+=  t=0.392s  e_lat=0.281284

+=visualizer+=  t=0.393s  e_lat=0.281184

+=visualizer+=  t=0.394s  e_lat=0.281083

+=visualizer+=  t=0.395s  e_lat=0.280983

+=visualizer+=  t=0.396s  e_lat=0.280882

+=visualizer+=  t=0.397s  e_lat=0.280780

+=visualizer+=  t=0.398s  e_lat=0.280679

+=visualizer+=  t=0.399s  e_lat=0.280577

+=visualizer+=  t=0.400s  e_lat=0.280475

+=visualizer+=  t=0.401s  e_lat=0.280373

+=visualizer+=  t=0.402s  e_lat=0.280270

+=visualizer+=  t=0.403s  e_lat=0.280168

+=visualizer+=  t=0.404s  e_lat=0.280065

+=visualizer+=  t=0.405s  e_lat=0.279962

+=visualizer+=  t=0.406s  e_lat=0.279858

+=visualizer+=  t=0.407s  e_lat=0.279755

+=visualizer+=  t=0.408s  e_lat=0.279651

+=visualizer+=  t=0.409s  e_lat=0.279546

+=visualizer+=  t=0.410s  e_lat=0.279442

+=visualizer+=  t=0.411s  e_lat=0.279337

+=visualizer+=  t=0.412s  e_lat=0.279233

+=visualizer+=  t=0.413s  e_lat=0.279127

+=visualizer+=  t=0.414s  e_lat=0.279022

+=visualizer+=  t=0.415s  e_lat=0.278917

+=visualizer+=  t=0.416s  e_lat=0.278811

+=visualizer+=  t=0.417s  e_lat=0.278705

+=visualizer+=  t=0.418s  e_lat=0.278598

+=visualizer+=  t=0.419s  e_lat=0.278492

+=visualizer+=  t=0.420s  e_lat=0.278385

+=visualizer+=  t=0.421s  e_lat=0.278278

+=visualizer+=  t=0.422s  e_lat=0.278171

+=visualizer+=  t=0.423s  e_lat=0.278063

+=visualizer+=  t=0.424s  e_lat=0.277956

+=visualizer+=  t=0.425s  e_lat=0.277848

+=visualizer+=  t=0.426s  e_lat=0.277739

+=visualizer+=  t=0.427s  e_lat=0.277631

+=visualizer+=  t=0.428s  e_lat=0.277522

+=visualizer+=  t=0.429s  e_lat=0.277413

+=visualizer+=  t=0.430s  e_lat=0.277304

+=visualizer+=  t=0.431s  e_lat=0.277195

+=visualizer+=  t=0.432s  e_lat=0.277085

+=visualizer+=  t=0.433s  e_lat=0.276975

+=visualizer+=  t=0.434s  e_lat=0.276865

+=visualizer+=  t=0.435s  e_lat=0.276755

+=visualizer+=  t=0.436s  e_lat=0.276644

+=visualizer+=  t=0.437s  e_lat=0.276533

+=visualizer+=  t=0.438s  e_lat=0.276422

+=visualizer+=  t=0.439s  e_lat=0.276311

+=visualizer+=  t=0.440s  e_lat=0.276200

+=visualizer+=  t=0.441s  e_lat=0.276088

+=visualizer+=  t=0.442s  e_lat=0.275976

+=visualizer+=  t=0.443s  e_lat=0.275864

+=visualizer+=  t=0.444s  e_lat=0.275751

+=visualizer+=  t=0.445s  e_lat=0.275639

+=visualizer+=  t=0.446s  e_lat=0.275526

+=visualizer+=  t=0.447s  e_lat=0.275413

+=visualizer+=  t=0.448s  e_lat=0.275299

+=visualizer+=  t=0.449s  e_lat=0.275186

+=visualizer+=  t=0.450s  e_lat=0.275072

+=visualizer+=  t=0.451s  e_lat=0.274958

+=visualizer+=  t=0.452s  e_lat=0.274843

+=visualizer+=  t=0.453s  e_lat=0.274729

+=visualizer+=  t=0.454s  e_lat=0.274614

+=visualizer+=  t=0.455s  e_lat=0.274499

+=visualizer+=  t=0.456s  e_lat=0.274384

+=visualizer+=  t=0.457s  e_lat=0.274268

+=visualizer+=  t=0.458s  e_lat=0.274153

+=visualizer+=  t=0.459s  e_lat=0.274037

+=visualizer+=  t=0.460s  e_lat=0.273921

+=visualizer+=  t=0.461s  e_lat=0.273804

+=visualizer+=  t=0.462s  e_lat=0.273688

+=visualizer+=  t=0.463s  e_lat=0.273571

+=visualizer+=  t=0.464s  e_lat=0.273454

+=visualizer+=  t=0.465s  e_lat=0.273337

+=visualizer+=  t=0.466s  e_lat=0.273219

+=visualizer+=  t=0.467s  e_lat=0.273101

+=visualizer+=  t=0.468s  e_lat=0.272983

+=visualizer+=  t=0.469s  e_lat=0.272865

+=visualizer+=  t=0.470s  e_lat=0.272747

+=visualizer+=  t=0.471s  e_lat=0.272628

+=visualizer+=  t=0.472s  e_lat=0.272509

+=visualizer+=  t=0.473s  e_lat=0.272390

+=visualizer+=  t=0.474s  e_lat=0.272271

+=visualizer+=  t=0.475s  e_lat=0.272151

+=visualizer+=  t=0.476s  e_lat=0.272031

+=visualizer+=  t=0.477s  e_lat=0.271911

+=visualizer+=  t=0.478s  e_lat=0.271791

+=visualizer+=  t=0.479s  e_lat=0.271671

+=visualizer+=  t=0.480s  e_lat=0.271550

+=visualizer+=  t=0.481s  e_lat=0.271429

+=visualizer+=  t=0.482s  e_lat=0.271308

+=visualizer+=  t=0.483s  e_lat=0.271186

+=visualizer+=  t=0.484s  e_lat=0.271065

+=visualizer+=  t=0.485s  e_lat=0.270943

+=visualizer+=  t=0.486s  e_lat=0.270821

+=visualizer+=  t=0.487s  e_lat=0.270699

+=visualizer+=  t=0.488s  e_lat=0.270576

+=visualizer+=  t=0.489s  e_lat=0.270453

+=visualizer+=  t=0.490s  e_lat=0.270330

+=visualizer+=  t=0.491s  e_lat=0.270207

+=visualizer+=  t=0.492s  e_lat=0.270084

+=visualizer+=  t=0.493s  e_lat=0.269960

+=visualizer+=  t=0.494s  e_lat=0.269836

+=visualizer+=  t=0.495s  e_lat=0.269712

+=visualizer+=  t=0.496s  e_lat=0.269588

+=visualizer+=  t=0.497s  e_lat=0.269464

+=visualizer+=  t=0.498s  e_lat=0.269339

+=visualizer+=  t=0.499s  e_lat=0.269214

+=visualizer+=  t=0.500s  e_lat=0.269089

+=visualizer+=  t=0.501s  e_lat=0.268963

+=visualizer+=  t=0.502s  e_lat=0.268838

+=visualizer+=  t=0.503s  e_lat=0.268712

+=visualizer+=  t=0.504s  e_lat=0.268586

+=visualizer+=  t=0.505s  e_lat=0.268459

+=visualizer+=  t=0.506s  e_lat=0.268333

+=visualizer+=  t=0.507s  e_lat=0.268206

+=visualizer+=  t=0.508s  e_lat=0.268079

+=visualizer+=  t=0.509s  e_lat=0.267952

+=visualizer+=  t=0.510s  e_lat=0.267825

+=visualizer+=  t=0.511s  e_lat=0.267697

+=visualizer+=  t=0.512s  e_lat=0.267569

+=visualizer+=  t=0.513s  e_lat=0.267441

+=visualizer+=  t=0.514s  e_lat=0.267313

+=visualizer+=  t=0.515s  e_lat=0.267185

+=visualizer+=  t=0.516s  e_lat=0.267056

+=visualizer+=  t=0.517s  e_lat=0.266927

+=visualizer+=  t=0.518s  e_lat=0.266798

+=visualizer+=  t=0.519s  e_lat=0.266669

+=visualizer+=  t=0.520s  e_lat=0.266539

+=visualizer+=  t=0.521s  e_lat=0.266409

+=visualizer+=  t=0.522s  e_lat=0.266279

+=visualizer+=  t=0.523s  e_lat=0.266149

+=visualizer+=  t=0.524s  e_lat=0.266019

+=visualizer+=  t=0.525s  e_lat=0.265888

+=visualizer+=  t=0.526s  e_lat=0.265757

+=visualizer+=  t=0.527s  e_lat=0.265626

+=visualizer+=  t=0.528s  e_lat=0.265495

+=visualizer+=  t=0.529s  e_lat=0.265363

+=visualizer+=  t=0.530s  e_lat=0.265232

+=visualizer+=  t=0.531s  e_lat=0.265100

+=visualizer+=  t=0.532s  e_lat=0.264967

+=visualizer+=  t=0.533s  e_lat=0.264835

+=visualizer+=  t=0.534s  e_lat=0.264703

+=visualizer+=  t=0.535s  e_lat=0.264570

+=visualizer+=  t=0.536s  e_lat=0.264437

+=visualizer+=  t=0.537s  e_lat=0.264303

+=visualizer+=  t=0.538s  e_lat=0.264170

+=visualizer+=  t=0.539s  e_lat=0.264036

+=visualizer+=  t=0.540s  e_lat=0.263903

+=visualizer+=  t=0.541s  e_lat=0.263768

+=visualizer+=  t=0.542s  e_lat=0.263634

+=visualizer+=  t=0.543s  e_lat=0.263500

+=visualizer+=  t=0.544s  e_lat=0.263365

+=visualizer+=  t=0.545s  e_lat=0.263230

+=visualizer+=  t=0.546s  e_lat=0.263095

+=visualizer+=  t=0.547s  e_lat=0.262960

+=visualizer+=  t=0.548s  e_lat=0.262824

+=visualizer+=  t=0.549s  e_lat=0.262688

+=visualizer+=  t=0.550s  e_lat=0.262552

+=visualizer+=  t=0.551s  e_lat=0.262416

+=visualizer+=  t=0.552s  e_lat=0.262280

+=visualizer+=  t=0.553s  e_lat=0.262143

+=visualizer+=  t=0.554s  e_lat=0.262006

+=visualizer+=  t=0.555s  e_lat=0.261869

+=visualizer+=  t=0.556s  e_lat=0.261732

+=visualizer+=  t=0.557s  e_lat=0.261595

+=visualizer+=  t=0.558s  e_lat=0.261457

+=visualizer+=  t=0.559s  e_lat=0.261319

+=visualizer+=  t=0.560s  e_lat=0.261181

+=visualizer+=  t=0.561s  e_lat=0.261043

+=visualizer+=  t=0.562s  e_lat=0.260904

+=visualizer+=  t=0.563s  e_lat=0.260766

+=visualizer+=  t=0.564s  e_lat=0.260627

+=visualizer+=  t=0.565s  e_lat=0.260488

+=visualizer+=  t=0.566s  e_lat=0.260348

+=visualizer+=  t=0.567s  e_lat=0.260209

+=visualizer+=  t=0.568s  e_lat=0.260069

+=visualizer+=  t=0.569s  e_lat=0.259929

+=visualizer+=  t=0.570s  e_lat=0.259789

+=visualizer+=  t=0.571s  e_lat=0.259649

+=visualizer+=  t=0.572s  e_lat=0.259508

+=visualizer+=  t=0.573s  e_lat=0.259367

+=visualizer+=  t=0.574s  e_lat=0.259226

+=visualizer+=  t=0.575s  e_lat=0.259085

+=visualizer+=  t=0.576s  e_lat=0.258944

+=visualizer+=  t=0.577s  e_lat=0.258802

+=visualizer+=  t=0.578s  e_lat=0.258660

+=visualizer+=  t=0.579s  e_lat=0.258518

+=visualizer+=  t=0.580s  e_lat=0.258376

+=visualizer+=  t=0.581s  e_lat=0.258234

+=visualizer+=  t=0.582s  e_lat=0.258091

+=visualizer+=  t=0.583s  e_lat=0.257948

+=visualizer+=  t=0.584s  e_lat=0.257805

+=visualizer+=  t=0.585s  e_lat=0.257662

+=visualizer+=  t=0.586s  e_lat=0.257519

+=visualizer+=  t=0.587s  e_lat=0.257375

+=visualizer+=  t=0.588s  e_lat=0.257231

+=visualizer+=  t=0.589s  e_lat=0.257087

+=visualizer+=  t=0.590s  e_lat=0.256943

+=visualizer+=  t=0.591s  e_lat=0.256799

+=visualizer+=  t=0.592s  e_lat=0.256654

+=visualizer+=  t=0.593s  e_lat=0.256509

+=visualizer+=  t=0.594s  e_lat=0.256364

+=visualizer+=  t=0.595s  e_lat=0.256219

+=visualizer+=  t=0.596s  e_lat=0.256074

+=visualizer+=  t=0.597s  e_lat=0.255928

+=visualizer+=  t=0.598s  e_lat=0.255782

+=visualizer+=  t=0.599s  e_lat=0.255636

+=visualizer+=  t=0.600s  e_lat=0.255490

+=visualizer+=  t=0.601s  e_lat=0.255344

+=visualizer+=  t=0.602s  e_lat=0.255197

+=visualizer+=  t=0.603s  e_lat=0.255050

+=visualizer+=  t=0.604s  e_lat=0.254903

+=visualizer+=  t=0.605s  e_lat=0.254756

+=visualizer+=  t=0.606s  e_lat=0.254608

+=visualizer+=  t=0.607s  e_lat=0.254461

+=visualizer+=  t=0.608s  e_lat=0.254313

+=visualizer+=  t=0.609s  e_lat=0.254165

+=visualizer+=  t=0.610s  e_lat=0.254017

+=visualizer+=  t=0.611s  e_lat=0.253868

+=visualizer+=  t=0.612s  e_lat=0.253720

+=visualizer+=  t=0.613s  e_lat=0.253571

+=visualizer+=  t=0.614s  e_lat=0.253422

+=visualizer+=  t=0.615s  e_lat=0.253273

+=visualizer+=  t=0.616s  e_lat=0.253123

+=visualizer+=  t=0.617s  e_lat=0.252974

+=visualizer+=  t=0.618s  e_lat=0.252824

+=visualizer+=  t=0.619s  e_lat=0.252674

+=visualizer+=  t=0.620s  e_lat=0.252524

+=visualizer+=  t=0.621s  e_lat=0.252374

+=visualizer+=  t=0.622s  e_lat=0.252223

+=visualizer+=  t=0.623s  e_lat=0.252072

+=visualizer+=  t=0.624s  e_lat=0.251921

+=visualizer+=  t=0.625s  e_lat=0.251770

+=visualizer+=  t=0.626s  e_lat=0.251619

+=visualizer+=  t=0.627s  e_lat=0.251467

+=visualizer+=  t=0.628s  e_lat=0.251316

+=visualizer+=  t=0.629s  e_lat=0.251164

+=visualizer+=  t=0.630s  e_lat=0.251012

+=visualizer+=  t=0.631s  e_lat=0.250859

+=visualizer+=  t=0.632s  e_lat=0.250707

+=visualizer+=  t=0.633s  e_lat=0.250554

+=visualizer+=  t=0.634s  e_lat=0.250401

+=visualizer+=  t=0.635s  e_lat=0.250248

+=visualizer+=  t=0.636s  e_lat=0.250095

+=visualizer+=  t=0.637s  e_lat=0.249942

+=visualizer+=  t=0.638s  e_lat=0.249788

+=visualizer+=  t=0.639s  e_lat=0.249634

+=visualizer+=  t=0.640s  e_lat=0.249480

+=visualizer+=  t=0.641s  e_lat=0.249326

+=visualizer+=  t=0.642s  e_lat=0.249171

+=visualizer+=  t=0.643s  e_lat=0.249017

+=visualizer+=  t=0.644s  e_lat=0.248862

+=visualizer+=  t=0.645s  e_lat=0.248707

+=visualizer+=  t=0.646s  e_lat=0.248552

+=visualizer+=  t=0.647s  e_lat=0.248397

+=visualizer+=  t=0.648s  e_lat=0.248241

+=visualizer+=  t=0.649s  e_lat=0.248085

+=visualizer+=  t=0.650s  e_lat=0.247929

+=visualizer+=  t=0.651s  e_lat=0.247773

+=visualizer+=  t=0.652s  e_lat=0.247617

+=visualizer+=  t=0.653s  e_lat=0.247461

+=visualizer+=  t=0.654s  e_lat=0.247304

+=visualizer+=  t=0.655s  e_lat=0.247147

+=visualizer+=  t=0.656s  e_lat=0.246990

+=visualizer+=  t=0.657s  e_lat=0.246833

+=visualizer+=  t=0.658s  e_lat=0.246675

+=visualizer+=  t=0.659s  e_lat=0.246518

+=visualizer+=  t=0.660s  e_lat=0.246360

+=visualizer+=  t=0.661s  e_lat=0.246202

+=visualizer+=  t=0.662s  e_lat=0.246044

+=visualizer+=  t=0.663s  e_lat=0.245885

+=visualizer+=  t=0.664s  e_lat=0.245727

+=visualizer+=  t=0.665s  e_lat=0.245568

+=visualizer+=  t=0.666s  e_lat=0.245409

+=visualizer+=  t=0.667s  e_lat=0.245250

+=visualizer+=  t=0.668s  e_lat=0.245091

+=visualizer+=  t=0.669s  e_lat=0.244932

+=visualizer+=  t=0.670s  e_lat=0.244772

+=visualizer+=  t=0.671s  e_lat=0.244612

+=visualizer+=  t=0.672s  e_lat=0.244452

+=visualizer+=  t=0.673s  e_lat=0.244292

+=visualizer+=  t=0.674s  e_lat=0.244132

+=visualizer+=  t=0.675s  e_lat=0.243971

+=visualizer+=  t=0.676s  e_lat=0.243810

+=visualizer+=  t=0.677s  e_lat=0.243649

+=visualizer+=  t=0.678s  e_lat=0.243488

+=visualizer+=  t=0.679s  e_lat=0.243327

+=visualizer+=  t=0.680s  e_lat=0.243166

+=visualizer+=  t=0.681s  e_lat=0.243004

+=visualizer+=  t=0.682s  e_lat=0.242842

+=visualizer+=  t=0.683s  e_lat=0.242680

+=visualizer+=  t=0.684s  e_lat=0.242518

+=visualizer+=  t=0.685s  e_lat=0.242356

+=visualizer+=  t=0.686s  e_lat=0.242193

+=visualizer+=  t=0.687s  e_lat=0.242030

+=visualizer+=  t=0.688s  e_lat=0.241867

+=visualizer+=  t=0.689s  e_lat=0.241704

+=visualizer+=  t=0.690s  e_lat=0.241541

+=visualizer+=  t=0.691s  e_lat=0.241378

+=visualizer+=  t=0.692s  e_lat=0.241214

+=visualizer+=  t=0.693s  e_lat=0.241050

+=visualizer+=  t=0.694s  e_lat=0.240886

+=visualizer+=  t=0.695s  e_lat=0.240722

+=visualizer+=  t=0.696s  e_lat=0.240558

+=visualizer+=  t=0.697s  e_lat=0.240393

+=visualizer+=  t=0.698s  e_lat=0.240229

+=visualizer+=  t=0.699s  e_lat=0.240064

+=visualizer+=  t=0.700s  e_lat=0.239899

+=visualizer+=  t=0.701s  e_lat=0.239733

+=visualizer+=  t=0.702s  e_lat=0.239568

+=visualizer+=  t=0.703s  e_lat=0.239403

+=visualizer+=  t=0.704s  e_lat=0.239237

+=visualizer+=  t=0.705s  e_lat=0.239071

+=visualizer+=  t=0.706s  e_lat=0.238905

+=visualizer+=  t=0.707s  e_lat=0.238738

+=visualizer+=  t=0.708s  e_lat=0.238572

+=visualizer+=  t=0.709s  e_lat=0.238405

+=visualizer+=  t=0.710s  e_lat=0.238239

+=visualizer+=  t=0.711s  e_lat=0.238072

+=visualizer+=  t=0.712s  e_lat=0.237905

+=visualizer+=  t=0.713s  e_lat=0.237737

+=visualizer+=  t=0.714s  e_lat=0.237570

+=visualizer+=  t=0.715s  e_lat=0.237402

+=visualizer+=  t=0.716s  e_lat=0.237234

+=visualizer+=  t=0.717s  e_lat=0.237066

+=visualizer+=  t=0.718s  e_lat=0.236898

+=visualizer+=  t=0.719s  e_lat=0.236730

+=visualizer+=  t=0.720s  e_lat=0.236561

+=visualizer+=  t=0.721s  e_lat=0.236392

+=visualizer+=  t=0.722s  e_lat=0.236224

+=visualizer+=  t=0.723s  e_lat=0.236055

+=visualizer+=  t=0.724s  e_lat=0.235885

+=visualizer+=  t=0.725s  e_lat=0.235716

+=visualizer+=  t=0.726s  e_lat=0.235546

+=visualizer+=  t=0.727s  e_lat=0.235377

+=visualizer+=  t=0.728s  e_lat=0.235207

+=visualizer+=  t=0.729s  e_lat=0.235037

+=visualizer+=  t=0.730s  e_lat=0.234866

+=visualizer+=  t=0.731s  e_lat=0.234696

+=visualizer+=  t=0.732s  e_lat=0.234525

+=visualizer+=  t=0.733s  e_lat=0.234355

+=visualizer+=  t=0.734s  e_lat=0.234184

+=visualizer+=  t=0.735s  e_lat=0.234013

+=visualizer+=  t=0.736s  e_lat=0.233841

+=visualizer+=  t=0.737s  e_lat=0.233670

+=visualizer+=  t=0.738s  e_lat=0.233498

+=visualizer+=  t=0.739s  e_lat=0.233327

+=visualizer+=  t=0.740s  e_lat=0.233155

+=visualizer+=  t=0.741s  e_lat=0.232983

+=visualizer+=  t=0.742s  e_lat=0.232810

+=visualizer+=  t=0.743s  e_lat=0.232638

+=visualizer+=  t=0.744s  e_lat=0.232465

+=visualizer+=  t=0.745s  e_lat=0.232293

+=visualizer+=  t=0.746s  e_lat=0.232120

+=visualizer+=  t=0.747s  e_lat=0.231947

+=visualizer+=  t=0.748s  e_lat=0.231773

+=visualizer+=  t=0.749s  e_lat=0.231600

+=visualizer+=  t=0.750s  e_lat=0.231426

+=visualizer+=  t=0.751s  e_lat=0.231253

+=visualizer+=  t=0.752s  e_lat=0.231079

+=visualizer+=  t=0.753s  e_lat=0.230905

+=visualizer+=  t=0.754s  e_lat=0.230730

+=visualizer+=  t=0.755s  e_lat=0.230556

+=visualizer+=  t=0.756s  e_lat=0.230381

+=visualizer+=  t=0.757s  e_lat=0.230207

+=visualizer+=  t=0.758s  e_lat=0.230032

+=visualizer+=  t=0.759s  e_lat=0.229857

+=visualizer+=  t=0.760s  e_lat=0.229681

+=visualizer+=  t=0.761s  e_lat=0.229506

+=visualizer+=  t=0.762s  e_lat=0.229330

+=visualizer+=  t=0.763s  e_lat=0.229155

+=visualizer+=  t=0.764s  e_lat=0.228979

+=visualizer+=  t=0.765s  e_lat=0.228803

+=visualizer+=  t=0.766s  e_lat=0.228626

+=visualizer+=  t=0.767s  e_lat=0.228450

+=visualizer+=  t=0.768s  e_lat=0.228274

+=visualizer+=  t=0.769s  e_lat=0.228097

+=visualizer+=  t=0.770s  e_lat=0.227920

+=visualizer+=  t=0.771s  e_lat=0.227743

+=visualizer+=  t=0.772s  e_lat=0.227566

+=visualizer+=  t=0.773s  e_lat=0.227389

+=visualizer+=  t=0.774s  e_lat=0.227211

+=visualizer+=  t=0.775s  e_lat=0.227033

+=visualizer+=  t=0.776s  e_lat=0.226856

+=visualizer+=  t=0.777s  e_lat=0.226678

+=visualizer+=  t=0.778s  e_lat=0.226499

+=visualizer+=  t=0.779s  e_lat=0.226321

+=visualizer+=  t=0.780s  e_lat=0.226143

+=visualizer+=  t=0.781s  e_lat=0.225964

+=visualizer+=  t=0.782s  e_lat=0.225785

+=visualizer+=  t=0.783s  e_lat=0.225606

+=visualizer+=  t=0.784s  e_lat=0.225427

+=visualizer+=  t=0.785s  e_lat=0.225248

+=visualizer+=  t=0.786s  e_lat=0.225069

+=visualizer+=  t=0.787s  e_lat=0.224889

+=visualizer+=  t=0.788s  e_lat=0.224709

+=visualizer+=  t=0.789s  e_lat=0.224530

+=visualizer+=  t=0.790s  e_lat=0.224350

+=visualizer+=  t=0.791s  e_lat=0.224169

+=visualizer+=  t=0.792s  e_lat=0.223989

+=visualizer+=  t=0.793s  e_lat=0.223809

+=visualizer+=  t=0.794s  e_lat=0.223628

+=visualizer+=  t=0.795s  e_lat=0.223447

+=visualizer+=  t=0.796s  e_lat=0.223266

+=visualizer+=  t=0.797s  e_lat=0.223085

+=visualizer+=  t=0.798s  e_lat=0.222904

+=visualizer+=  t=0.799s  e_lat=0.222722

+=visualizer+=  t=0.800s  e_lat=0.222541

+=visualizer+=  t=0.801s  e_lat=0.222359

+=visualizer+=  t=0.802s  e_lat=0.222177

+=visualizer+=  t=0.803s  e_lat=0.221995

+=visualizer+=  t=0.804s  e_lat=0.221813

+=visualizer+=  t=0.805s  e_lat=0.221631

+=visualizer+=  t=0.806s  e_lat=0.221448

+=visualizer+=  t=0.807s  e_lat=0.221265

+=visualizer+=  t=0.808s  e_lat=0.221083

+=visualizer+=  t=0.809s  e_lat=0.220900

+=visualizer+=  t=0.810s  e_lat=0.220717

+=visualizer+=  t=0.811s  e_lat=0.220533

+=visualizer+=  t=0.812s  e_lat=0.220350

+=visualizer+=  t=0.813s  e_lat=0.220166

+=visualizer+=  t=0.814s  e_lat=0.219983

+=visualizer+=  t=0.815s  e_lat=0.219799

+=visualizer+=  t=0.816s  e_lat=0.219615

+=visualizer+=  t=0.817s  e_lat=0.219431

+=visualizer+=  t=0.818s  e_lat=0.219246

+=visualizer+=  t=0.819s  e_lat=0.219062

+=visualizer+=  t=0.820s  e_lat=0.218877

+=visualizer+=  t=0.821s  e_lat=0.218693

+=visualizer+=  t=0.822s  e_lat=0.218508

+=visualizer+=  t=0.823s  e_lat=0.218323

+=visualizer+=  t=0.824s  e_lat=0.218137

+=visualizer+=  t=0.825s  e_lat=0.217952

+=visualizer+=  t=0.826s  e_lat=0.217767

+=visualizer+=  t=0.827s  e_lat=0.217581

+=visualizer+=  t=0.828s  e_lat=0.217395

+=visualizer+=  t=0.829s  e_lat=0.217209

+=visualizer+=  t=0.830s  e_lat=0.217023

+=visualizer+=  t=0.831s  e_lat=0.216837

+=visualizer+=  t=0.832s  e_lat=0.216651

+=visualizer+=  t=0.833s  e_lat=0.216464

+=visualizer+=  t=0.834s  e_lat=0.216277

+=visualizer+=  t=0.835s  e_lat=0.216091

+=visualizer+=  t=0.836s  e_lat=0.215904

+=visualizer+=  t=0.837s  e_lat=0.215716

+=visualizer+=  t=0.838s  e_lat=0.215529

+=visualizer+=  t=0.839s  e_lat=0.215342

+=visualizer+=  t=0.840s  e_lat=0.215154

+=visualizer+=  t=0.841s  e_lat=0.214967

+=visualizer+=  t=0.842s  e_lat=0.214779

+=visualizer+=  t=0.843s  e_lat=0.214591

+=visualizer+=  t=0.844s  e_lat=0.214403

+=visualizer+=  t=0.845s  e_lat=0.214214

+=visualizer+=  t=0.846s  e_lat=0.214026

+=visualizer+=  t=0.847s  e_lat=0.213837

+=visualizer+=  t=0.848s  e_lat=0.213649

+=visualizer+=  t=0.849s  e_lat=0.213460

+=visualizer+=  t=0.850s  e_lat=0.213271

+=visualizer+=  t=0.851s  e_lat=0.213082

+=visualizer+=  t=0.852s  e_lat=0.212893

+=visualizer+=  t=0.853s  e_lat=0.212703

+=visualizer+=  t=0.854s  e_lat=0.212514

+=visualizer+=  t=0.855s  e_lat=0.212324

+=visualizer+=  t=0.856s  e_lat=0.212134

+=visualizer+=  t=0.857s  e_lat=0.211944

+=visualizer+=  t=0.858s  e_lat=0.211754

+=visualizer+=  t=0.859s  e_lat=0.211564

+=visualizer+=  t=0.860s  e_lat=0.211373

+=visualizer+=  t=0.861s  e_lat=0.211183

+=visualizer+=  t=0.862s  e_lat=0.210992

+=visualizer+=  t=0.863s  e_lat=0.210801

+=visualizer+=  t=0.864s  e_lat=0.210610

+=visualizer+=  t=0.865s  e_lat=0.210419

+=visualizer+=  t=0.866s  e_lat=0.210228

+=visualizer+=  t=0.867s  e_lat=0.210037

+=visualizer+=  t=0.868s  e_lat=0.209845

+=visualizer+=  t=0.869s  e_lat=0.209654

+=visualizer+=  t=0.870s  e_lat=0.209462

+=visualizer+=  t=0.871s  e_lat=0.209270

+=visualizer+=  t=0.872s  e_lat=0.209078

+=visualizer+=  t=0.873s  e_lat=0.208886

+=visualizer+=  t=0.874s  e_lat=0.208693

+=visualizer+=  t=0.875s  e_lat=0.208501

+=visualizer+=  t=0.876s  e_lat=0.208308

+=visualizer+=  t=0.877s  e_lat=0.208115

+=visualizer+=  t=0.878s  e_lat=0.207923

+=visualizer+=  t=0.879s  e_lat=0.207730

+=visualizer+=  t=0.880s  e_lat=0.207536

+=visualizer+=  t=0.881s  e_lat=0.207343

+=visualizer+=  t=0.882s  e_lat=0.207150

+=visualizer+=  t=0.883s  e_lat=0.206956

+=visualizer+=  t=0.884s  e_lat=0.206762

+=visualizer+=  t=0.885s  e_lat=0.206569

+=visualizer+=  t=0.886s  e_lat=0.206375

+=visualizer+=  t=0.887s  e_lat=0.206181

+=visualizer+=  t=0.888s  e_lat=0.205986

+=visualizer+=  t=0.889s  e_lat=0.205792

+=visualizer+=  t=0.890s  e_lat=0.205597

+=visualizer+=  t=0.891s  e_lat=0.205403

+=visualizer+=  t=0.892s  e_lat=0.205208

+=visualizer+=  t=0.893s  e_lat=0.205013

+=visualizer+=  t=0.894s  e_lat=0.204818

+=visualizer+=  t=0.895s  e_lat=0.204623

+=visualizer+=  t=0.896s  e_lat=0.204428

+=visualizer+=  t=0.897s  e_lat=0.204232

+=visualizer+=  t=0.898s  e_lat=0.204037

+=visualizer+=  t=0.899s  e_lat=0.203841

+=visualizer+=  t=0.900s  e_lat=0.203645

+=visualizer+=  t=0.901s  e_lat=0.203449

+=visualizer+=  t=0.902s  e_lat=0.203253

+=visualizer+=  t=0.903s  e_lat=0.203057

+=visualizer+=  t=0.904s  e_lat=0.202861

+=visualizer+=  t=0.905s  e_lat=0.202664

+=visualizer+=  t=0.906s  e_lat=0.202468

+=visualizer+=  t=0.907s  e_lat=0.202271

+=visualizer+=  t=0.908s  e_lat=0.202074

+=visualizer+=  t=0.909s  e_lat=0.201877

+=visualizer+=  t=0.910s  e_lat=0.201680

+=visualizer+=  t=0.911s  e_lat=0.201483

+=visualizer+=  t=0.912s  e_lat=0.201285

+=visualizer+=  t=0.913s  e_lat=0.201088

+=visualizer+=  t=0.914s  e_lat=0.200890

+=visualizer+=  t=0.915s  e_lat=0.200692

+=visualizer+=  t=0.916s  e_lat=0.200495

+=visualizer+=  t=0.917s  e_lat=0.200297

+=visualizer+=  t=0.918s  e_lat=0.200098

+=visualizer+=  t=0.919s  e_lat=0.199900

+=visualizer+=  t=0.920s  e_lat=0.199702

+=visualizer+=  t=0.921s  e_lat=0.199503

+=visualizer+=  t=0.922s  e_lat=0.199305

+=visualizer+=  t=0.923s  e_lat=0.199106

+=visualizer+=  t=0.924s  e_lat=0.198907

+=visualizer+=  t=0.925s  e_lat=0.198708

+=visualizer+=  t=0.926s  e_lat=0.198509

+=visualizer+=  t=0.927s  e_lat=0.198310

+=visualizer+=  t=0.928s  e_lat=0.198110

+=visualizer+=  t=0.929s  e_lat=0.197911

+=visualizer+=  t=0.930s  e_lat=0.197711

+=visualizer+=  t=0.931s  e_lat=0.197511

+=visualizer+=  t=0.932s  e_lat=0.197311

+=visualizer+=  t=0.933s  e_lat=0.197111

+=visualizer+=  t=0.934s  e_lat=0.196911

+=visualizer+=  t=0.935s  e_lat=0.196711

+=visualizer+=  t=0.936s  e_lat=0.196511

+=visualizer+=  t=0.937s  e_lat=0.196310

+=visualizer+=  t=0.938s  e_lat=0.196109

+=visualizer+=  t=0.939s  e_lat=0.195909

+=visualizer+=  t=0.940s  e_lat=0.195708

+=visualizer+=  t=0.941s  e_lat=0.195507

+=visualizer+=  t=0.942s  e_lat=0.195306

+=visualizer+=  t=0.943s  e_lat=0.195104

+=visualizer+=  t=0.944s  e_lat=0.194903

+=visualizer+=  t=0.945s  e_lat=0.194702

+=visualizer+=  t=0.946s  e_lat=0.194500

+=visualizer+=  t=0.947s  e_lat=0.194298

+=visualizer+=  t=0.948s  e_lat=0.194096

+=visualizer+=  t=0.949s  e_lat=0.193895

+=visualizer+=  t=0.950s  e_lat=0.193692

+=visualizer+=  t=0.951s  e_lat=0.193490

+=visualizer+=  t=0.952s  e_lat=0.193288

+=visualizer+=  t=0.953s  e_lat=0.193086

+=visualizer+=  t=0.954s  e_lat=0.192883

+=visualizer+=  t=0.955s  e_lat=0.192680

+=visualizer+=  t=0.956s  e_lat=0.192477

+=visualizer+=  t=0.957s  e_lat=0.192275

+=visualizer+=  t=0.958s  e_lat=0.192072

+=visualizer+=  t=0.959s  e_lat=0.191868

+=visualizer+=  t=0.960s  e_lat=0.191665

+=visualizer+=  t=0.961s  e_lat=0.191462

+=visualizer+=  t=0.962s  e_lat=0.191258

+=visualizer+=  t=0.963s  e_lat=0.191055

+=visualizer+=  t=0.964s  e_lat=0.190851

+=visualizer+=  t=0.965s  e_lat=0.190647

+=visualizer+=  t=0.966s  e_lat=0.190443

+=visualizer+=  t=0.967s  e_lat=0.190239

+=visualizer+=  t=0.968s  e_lat=0.190035

+=visualizer+=  t=0.969s  e_lat=0.189831

+=visualizer+=  t=0.970s  e_lat=0.189626

+=visualizer+=  t=0.971s  e_lat=0.189422

+=visualizer+=  t=0.972s  e_lat=0.189217

+=visualizer+=  t=0.973s  e_lat=0.189012

+=visualizer+=  t=0.974s  e_lat=0.188807

+=visualizer+=  t=0.975s  e_lat=0.188602

+=visualizer+=  t=0.976s  e_lat=0.188397

+=visualizer+=  t=0.977s  e_lat=0.188192

+=visualizer+=  t=0.978s  e_lat=0.187987

+=visualizer+=  t=0.979s  e_lat=0.187781

+=visualizer+=  t=0.980s  e_lat=0.187576

+=visualizer+=  t=0.981s  e_lat=0.187370

+=visualizer+=  t=0.982s  e_lat=0.187164

+=visualizer+=  t=0.983s  e_lat=0.186958

+=visualizer+=  t=0.984s  e_lat=0.186752

+=visualizer+=  t=0.985s  e_lat=0.186546

+=visualizer+=  t=0.986s  e_lat=0.186340

+=visualizer+=  t=0.987s  e_lat=0.186133

+=visualizer+=  t=0.988s  e_lat=0.185927

+=visualizer+=  t=0.989s  e_lat=0.185720

+=visualizer+=  t=0.990s  e_lat=0.185514

+=visualizer+=  t=0.991s  e_lat=0.185307

+=visualizer+=  t=0.992s  e_lat=0.185100

+=visualizer+=  t=0.993s  e_lat=0.184893

+=visualizer+=  t=0.994s  e_lat=0.184686

+=visualizer+=  t=0.995s  e_lat=0.184479

+=visualizer+=  t=0.996s  e_lat=0.184271

+=visualizer+=  t=0.997s  e_lat=0.184064

+=visualizer+=  t=0.998s  e_lat=0.183856

+=visualizer+=  t=0.999s  e_lat=0.183649

+=visualizer+=  t=1.000s  e_lat=0.183441

+=visualizer+=  t=1.001s  e_lat=0.183233

+=visualizer+=  t=1.002s  e_lat=0.183025

+=visualizer+=  t=1.003s  e_lat=0.182817

+=visualizer+=  t=1.004s  e_lat=0.182609

+=visualizer+=  t=1.005s  e_lat=0.182400

+=visualizer+=  t=1.006s  e_lat=0.182192

+=visualizer+=  t=1.007s  e_lat=0.181983

+=visualizer+=  t=1.008s  e_lat=0.181775

+=visualizer+=  t=1.009s  e_lat=0.181566

+=visualizer+=  t=1.010s  e_lat=0.181357

+=visualizer+=  t=1.011s  e_lat=0.181148

+=visualizer+=  t=1.012s  e_lat=0.180939

+=visualizer+=  t=1.013s  e_lat=0.180730

+=visualizer+=  t=1.014s  e_lat=0.180521

+=visualizer+=  t=1.015s  e_lat=0.180311

+=visualizer+=  t=1.016s  e_lat=0.180102

+=visualizer+=  t=1.017s  e_lat=0.179892

+=visualizer+=  t=1.018s  e_lat=0.179683

+=visualizer+=  t=1.019s  e_lat=0.179473

+=visualizer+=  t=1.020s  e_lat=0.179263

+=visualizer+=  t=1.021s  e_lat=0.179053

+=visualizer+=  t=1.022s  e_lat=0.178843

+=visualizer+=  t=1.023s  e_lat=0.178633

+=visualizer+=  t=1.024s  e_lat=0.178422

+=visualizer+=  t=1.025s  e_lat=0.178212

+=visualizer+=  t=1.026s  e_lat=0.178001

+=visualizer+=  t=1.027s  e_lat=0.177791

+=visualizer+=  t=1.028s  e_lat=0.177580

+=visualizer+=  t=1.029s  e_lat=0.177369

+=visualizer+=  t=1.030s  e_lat=0.177158

+=visualizer+=  t=1.031s  e_lat=0.176947

+=visualizer+=  t=1.032s  e_lat=0.176736

+=visualizer+=  t=1.033s  e_lat=0.176525

+=visualizer+=  t=1.034s  e_lat=0.176314

+=visualizer+=  t=1.035s  e_lat=0.176102

+=visualizer+=  t=1.036s  e_lat=0.175891

+=visualizer+=  t=1.037s  e_lat=0.175679

+=visualizer+=  t=1.038s  e_lat=0.175467

+=visualizer+=  t=1.039s  e_lat=0.175255

+=visualizer+=  t=1.040s  e_lat=0.175044

+=visualizer+=  t=1.041s  e_lat=0.174832

+=visualizer+=  t=1.042s  e_lat=0.174619

+=visualizer+=  t=1.043s  e_lat=0.174407

+=visualizer+=  t=1.044s  e_lat=0.174195

+=visualizer+=  t=1.045s  e_lat=0.173982

+=visualizer+=  t=1.046s  e_lat=0.173770

+=visualizer+=  t=1.047s  e_lat=0.173557

+=visualizer+=  t=1.048s  e_lat=0.173345

+=visualizer+=  t=1.049s  e_lat=0.173132

+=visualizer+=  t=1.050s  e_lat=0.172919

+=visualizer+=  t=1.051s  e_lat=0.172706

+=visualizer+=  t=1.052s  e_lat=0.172493

+=visualizer+=  t=1.053s  e_lat=0.172280

+=visualizer+=  t=1.054s  e_lat=0.172066

+=visualizer+=  t=1.055s  e_lat=0.171853

+=visualizer+=  t=1.056s  e_lat=0.171639

+=visualizer+=  t=1.057s  e_lat=0.171426

+=visualizer+=  t=1.058s  e_lat=0.171212

+=visualizer+=  t=1.059s  e_lat=0.170998

+=visualizer+=  t=1.060s  e_lat=0.170784

+=visualizer+=  t=1.061s  e_lat=0.170570

+=visualizer+=  t=1.062s  e_lat=0.170356

+=visualizer+=  t=1.063s  e_lat=0.170142

+=visualizer+=  t=1.064s  e_lat=0.169928

+=visualizer+=  t=1.065s  e_lat=0.169714

+=visualizer+=  t=1.066s  e_lat=0.169499

+=visualizer+=  t=1.067s  e_lat=0.169285

+=visualizer+=  t=1.068s  e_lat=0.169070

+=visualizer+=  t=1.069s  e_lat=0.168855

+=visualizer+=  t=1.070s  e_lat=0.168641

+=visualizer+=  t=1.071s  e_lat=0.168426

+=visualizer+=  t=1.072s  e_lat=0.168211

+=visualizer+=  t=1.073s  e_lat=0.167996

+=visualizer+=  t=1.074s  e_lat=0.167780

+=visualizer+=  t=1.075s  e_lat=0.167565

+=visualizer+=  t=1.076s  e_lat=0.167350

+=visualizer+=  t=1.077s  e_lat=0.167134

+=visualizer+=  t=1.078s  e_lat=0.166919

+=visualizer+=  t=1.079s  e_lat=0.166703

+=visualizer+=  t=1.080s  e_lat=0.166487

+=visualizer+=  t=1.081s  e_lat=0.166272

+=visualizer+=  t=1.082s  e_lat=0.166056

+=visualizer+=  t=1.083s  e_lat=0.165840

+=visualizer+=  t=1.084s  e_lat=0.165624

+=visualizer+=  t=1.085s  e_lat=0.165407

+=visualizer+=  t=1.086s  e_lat=0.165191

+=visualizer+=  t=1.087s  e_lat=0.164975

+=visualizer+=  t=1.088s  e_lat=0.164758

+=visualizer+=  t=1.089s  e_lat=0.164542

+=visualizer+=  t=1.090s  e_lat=0.164325

+=visualizer+=  t=1.091s  e_lat=0.164109

+=visualizer+=  t=1.092s  e_lat=0.163892

+=visualizer+=  t=1.093s  e_lat=0.163675

+=visualizer+=  t=1.094s  e_lat=0.163458

+=visualizer+=  t=1.095s  e_lat=0.163241

+=visualizer+=  t=1.096s  e_lat=0.163024

+=visualizer+=  t=1.097s  e_lat=0.162807

+=visualizer+=  t=1.098s  e_lat=0.162589

+=visualizer+=  t=1.099s  e_lat=0.162372

+=visualizer+=  t=1.100s  e_lat=0.162154

+=visualizer+=  t=1.101s  e_lat=0.161937

+=visualizer+=  t=1.102s  e_lat=0.161719

+=visualizer+=  t=1.103s  e_lat=0.161501

+=visualizer+=  t=1.104s  e_lat=0.161283

+=visualizer+=  t=1.105s  e_lat=0.161066

+=visualizer+=  t=1.106s  e_lat=0.160848

+=visualizer+=  t=1.107s  e_lat=0.160629

+=visualizer+=  t=1.108s  e_lat=0.160411

+=visualizer+=  t=1.109s  e_lat=0.160193

+=visualizer+=  t=1.110s  e_lat=0.159975

+=visualizer+=  t=1.111s  e_lat=0.159756

+=visualizer+=  t=1.112s  e_lat=0.159538

+=visualizer+=  t=1.113s  e_lat=0.159319

+=visualizer+=  t=1.114s  e_lat=0.159101

+=visualizer+=  t=1.115s  e_lat=0.158882

+=visualizer+=  t=1.116s  e_lat=0.158663

+=visualizer+=  t=1.117s  e_lat=0.158444

+=visualizer+=  t=1.118s  e_lat=0.158225

+=visualizer+=  t=1.119s  e_lat=0.158006

+=visualizer+=  t=1.120s  e_lat=0.157787

+=visualizer+=  t=1.121s  e_lat=0.157568

+=visualizer+=  t=1.122s  e_lat=0.157348

+=visualizer+=  t=1.123s  e_lat=0.157129

+=visualizer+=  t=1.124s  e_lat=0.156909

+=visualizer+=  t=1.125s  e_lat=0.156690

+=visualizer+=  t=1.126s  e_lat=0.156470

+=visualizer+=  t=1.127s  e_lat=0.156250

+=visualizer+=  t=1.128s  e_lat=0.156031

+=visualizer+=  t=1.129s  e_lat=0.155811

+=visualizer+=  t=1.130s  e_lat=0.155591

+=visualizer+=  t=1.131s  e_lat=0.155371

+=visualizer+=  t=1.132s  e_lat=0.155151

+=visualizer+=  t=1.133s  e_lat=0.154930

+=visualizer+=  t=1.134s  e_lat=0.154710

+=visualizer+=  t=1.135s  e_lat=0.154490

+=visualizer+=  t=1.136s  e_lat=0.154269

+=visualizer+=  t=1.137s  e_lat=0.154049

+=visualizer+=  t=1.138s  e_lat=0.153828

+=visualizer+=  t=1.139s  e_lat=0.153607

+=visualizer+=  t=1.140s  e_lat=0.153387

+=visualizer+=  t=1.141s  e_lat=0.153166

+=visualizer+=  t=1.142s  e_lat=0.152945

+=visualizer+=  t=1.143s  e_lat=0.152724

+=visualizer+=  t=1.144s  e_lat=0.152503

+=visualizer+=  t=1.145s  e_lat=0.152282

+=visualizer+=  t=1.146s  e_lat=0.152061

+=visualizer+=  t=1.147s  e_lat=0.151839

+=visualizer+=  t=1.148s  e_lat=0.151618

+=visualizer+=  t=1.149s  e_lat=0.151396

+=visualizer+=  t=1.150s  e_lat=0.151175

+=visualizer+=  t=1.151s  e_lat=0.150953

+=visualizer+=  t=1.152s  e_lat=0.150732

+=visualizer+=  t=1.153s  e_lat=0.150510

+=visualizer+=  t=1.154s  e_lat=0.150288

+=visualizer+=  t=1.155s  e_lat=0.150066

+=visualizer+=  t=1.156s  e_lat=0.149844

+=visualizer+=  t=1.157s  e_lat=0.149622

+=visualizer+=  t=1.158s  e_lat=0.149400

+=visualizer+=  t=1.159s  e_lat=0.149178

+=visualizer+=  t=1.160s  e_lat=0.148956

+=visualizer+=  t=1.161s  e_lat=0.148733

+=visualizer+=  t=1.162s  e_lat=0.148511

+=visualizer+=  t=1.163s  e_lat=0.148289

+=visualizer+=  t=1.164s  e_lat=0.148066

+=visualizer+=  t=1.165s  e_lat=0.147843

+=visualizer+=  t=1.166s  e_lat=0.147621

+=visualizer+=  t=1.167s  e_lat=0.147398

+=visualizer+=  t=1.168s  e_lat=0.147175

+=visualizer+=  t=1.169s  e_lat=0.146952

+=visualizer+=  t=1.170s  e_lat=0.146729

+=visualizer+=  t=1.171s  e_lat=0.146506

+=visualizer+=  t=1.172s  e_lat=0.146283

+=visualizer+=  t=1.173s  e_lat=0.146060

+=visualizer+=  t=1.174s  e_lat=0.145837

+=visualizer+=  t=1.175s  e_lat=0.145613

+=visualizer+=  t=1.176s  e_lat=0.145390

+=visualizer+=  t=1.177s  e_lat=0.145166

+=visualizer+=  t=1.178s  e_lat=0.144943

+=visualizer+=  t=1.179s  e_lat=0.144719

+=visualizer+=  t=1.180s  e_lat=0.144496

+=visualizer+=  t=1.181s  e_lat=0.144272

+=visualizer+=  t=1.182s  e_lat=0.144048

+=visualizer+=  t=1.183s  e_lat=0.143824

+=visualizer+=  t=1.184s  e_lat=0.143600

+=visualizer+=  t=1.185s  e_lat=0.143376

+=visualizer+=  t=1.186s  e_lat=0.143152

+=visualizer+=  t=1.187s  e_lat=0.142928

+=visualizer+=  t=1.188s  e_lat=0.142704

+=visualizer+=  t=1.189s  e_lat=0.142480

+=visualizer+=  t=1.190s  e_lat=0.142255

+=visualizer+=  t=1.191s  e_lat=0.142031

+=visualizer+=  t=1.192s  e_lat=0.141806

+=visualizer+=  t=1.193s  e_lat=0.141582

+=visualizer+=  t=1.194s  e_lat=0.141357

+=visualizer+=  t=1.195s  e_lat=0.141133

+=visualizer+=  t=1.196s  e_lat=0.140908

+=visualizer+=  t=1.197s  e_lat=0.140683

+=visualizer+=  t=1.198s  e_lat=0.140458

+=visualizer+=  t=1.199s  e_lat=0.140233

+=visualizer+=  t=1.200s  e_lat=0.140008

+=visualizer+=  t=1.201s  e_lat=0.139783

+=visualizer+=  t=1.202s  e_lat=0.139558

+=visualizer+=  t=1.203s  e_lat=0.139333

+=visualizer+=  t=1.204s  e_lat=0.139108

+=visualizer+=  t=1.205s  e_lat=0.138882

+=visualizer+=  t=1.206s  e_lat=0.138657

+=visualizer+=  t=1.207s  e_lat=0.138431

+=visualizer+=  t=1.208s  e_lat=0.138206

+=visualizer+=  t=1.209s  e_lat=0.137980

+=visualizer+=  t=1.210s  e_lat=0.137755

+=visualizer+=  t=1.211s  e_lat=0.137529

+=visualizer+=  t=1.212s  e_lat=0.137303

+=visualizer+=  t=1.213s  e_lat=0.137078

+=visualizer+=  t=1.214s  e_lat=0.136852

+=visualizer+=  t=1.215s  e_lat=0.136626

+=visualizer+=  t=1.216s  e_lat=0.136400

+=visualizer+=  t=1.217s  e_lat=0.136174

+=visualizer+=  t=1.218s  e_lat=0.135948

+=visualizer+=  t=1.219s  e_lat=0.135721

+=visualizer+=  t=1.220s  e_lat=0.135495

+=visualizer+=  t=1.221s  e_lat=0.135269

+=visualizer+=  t=1.222s  e_lat=0.135043

+=visualizer+=  t=1.223s  e_lat=0.134816

+=visualizer+=  t=1.224s  e_lat=0.134590

+=visualizer+=  t=1.225s  e_lat=0.134363

+=visualizer+=  t=1.226s  e_lat=0.134136

+=visualizer+=  t=1.227s  e_lat=0.133910

+=visualizer+=  t=1.228s  e_lat=0.133683

+=visualizer+=  t=1.229s  e_lat=0.133456

+=visualizer+=  t=1.230s  e_lat=0.133230

+=visualizer+=  t=1.231s  e_lat=0.133003

+=visualizer+=  t=1.232s  e_lat=0.132776

+=visualizer+=  t=1.233s  e_lat=0.132549

+=visualizer+=  t=1.234s  e_lat=0.132322

+=visualizer+=  t=1.235s  e_lat=0.132095

+=visualizer+=  t=1.236s  e_lat=0.131867

+=visualizer+=  t=1.237s  e_lat=0.131640

+=visualizer+=  t=1.238s  e_lat=0.131413

+=visualizer+=  t=1.239s  e_lat=0.131186

+=visualizer+=  t=1.240s  e_lat=0.130958

+=visualizer+=  t=1.241s  e_lat=0.130731

+=visualizer+=  t=1.242s  e_lat=0.130503

+=visualizer+=  t=1.243s  e_lat=0.130276

+=visualizer+=  t=1.244s  e_lat=0.130048

+=visualizer+=  t=1.245s  e_lat=0.129820

+=visualizer+=  t=1.246s  e_lat=0.129593

+=visualizer+=  t=1.247s  e_lat=0.129365

+=visualizer+=  t=1.248s  e_lat=0.129137

+=visualizer+=  t=1.249s  e_lat=0.128909

+=visualizer+=  t=1.250s  e_lat=0.128681

+=visualizer+=  t=1.251s  e_lat=0.128453

+=visualizer+=  t=1.252s  e_lat=0.128225

+=visualizer+=  t=1.253s  e_lat=0.127997

+=visualizer+=  t=1.254s  e_lat=0.127769

+=visualizer+=  t=1.255s  e_lat=0.127541

+=visualizer+=  t=1.256s  e_lat=0.127312

+=visualizer+=  t=1.257s  e_lat=0.127084

+=visualizer+=  t=1.258s  e_lat=0.126856

+=visualizer+=  t=1.259s  e_lat=0.126627

+=visualizer+=  t=1.260s  e_lat=0.126399

+=visualizer+=  t=1.261s  e_lat=0.126170

+=visualizer+=  t=1.262s  e_lat=0.125942

+=visualizer+=  t=1.263s  e_lat=0.125713

+=visualizer+=  t=1.264s  e_lat=0.125485

+=visualizer+=  t=1.265s  e_lat=0.125256

+=visualizer+=  t=1.266s  e_lat=0.125027

+=visualizer+=  t=1.267s  e_lat=0.124798

+=visualizer+=  t=1.268s  e_lat=0.124569

+=visualizer+=  t=1.269s  e_lat=0.124341

+=visualizer+=  t=1.270s  e_lat=0.124112

+=visualizer+=  t=1.271s  e_lat=0.123883

+=visualizer+=  t=1.272s  e_lat=0.123653

+=visualizer+=  t=1.273s  e_lat=0.123424

+=visualizer+=  t=1.274s  e_lat=0.123195

+=visualizer+=  t=1.275s  e_lat=0.122966

+=visualizer+=  t=1.276s  e_lat=0.122737

+=visualizer+=  t=1.277s  e_lat=0.122507

+=visualizer+=  t=1.278s  e_lat=0.122278

+=visualizer+=  t=1.279s  e_lat=0.122049

+=visualizer+=  t=1.280s  e_lat=0.121819

+=visualizer+=  t=1.281s  e_lat=0.121590

+=visualizer+=  t=1.282s  e_lat=0.121360

+=visualizer+=  t=1.283s  e_lat=0.121131

+=visualizer+=  t=1.284s  e_lat=0.120901

+=visualizer+=  t=1.285s  e_lat=0.120671

+=visualizer+=  t=1.286s  e_lat=0.120442

+=visualizer+=  t=1.287s  e_lat=0.120212

+=visualizer+=  t=1.288s  e_lat=0.119982

+=visualizer+=  t=1.289s  e_lat=0.119752

+=visualizer+=  t=1.290s  e_lat=0.119522

+=visualizer+=  t=1.291s  e_lat=0.119292

+=visualizer+=  t=1.292s  e_lat=0.119062

+=visualizer+=  t=1.293s  e_lat=0.118832

+=visualizer+=  t=1.294s  e_lat=0.118602

+=visualizer+=  t=1.295s  e_lat=0.118372

+=visualizer+=  t=1.296s  e_lat=0.118142

+=visualizer+=  t=1.297s  e_lat=0.117912

+=visualizer+=  t=1.298s  e_lat=0.117681

+=visualizer+=  t=1.299s  e_lat=0.117451

+=visualizer+=  t=1.300s  e_lat=0.117221

+=visualizer+=  t=1.301s  e_lat=0.116990

+=visualizer+=  t=1.302s  e_lat=0.116760

+=visualizer+=  t=1.303s  e_lat=0.116529

+=visualizer+=  t=1.304s  e_lat=0.116299

+=visualizer+=  t=1.305s  e_lat=0.116068

+=visualizer+=  t=1.306s  e_lat=0.115838

+=visualizer+=  t=1.307s  e_lat=0.115607

+=visualizer+=  t=1.308s  e_lat=0.115376

+=visualizer+=  t=1.309s  e_lat=0.115146

+=visualizer+=  t=1.310s  e_lat=0.114915

+=visualizer+=  t=1.311s  e_lat=0.114684

+=visualizer+=  t=1.312s  e_lat=0.114453

+=visualizer+=  t=1.313s  e_lat=0.114222

+=visualizer+=  t=1.314s  e_lat=0.113992

+=visualizer+=  t=1.315s  e_lat=0.113761

+=visualizer+=  t=1.316s  e_lat=0.113530

+=visualizer+=  t=1.317s  e_lat=0.113298

+=visualizer+=  t=1.318s  e_lat=0.113067

+=visualizer+=  t=1.319s  e_lat=0.112836

+=visualizer+=  t=1.320s  e_lat=0.112605

+=visualizer+=  t=1.321s  e_lat=0.112374

+=visualizer+=  t=1.322s  e_lat=0.112143

+=visualizer+=  t=1.323s  e_lat=0.111911

+=visualizer+=  t=1.324s  e_lat=0.111680

+=visualizer+=  t=1.325s  e_lat=0.111449

+=visualizer+=  t=1.326s  e_lat=0.111217

+=visualizer+=  t=1.327s  e_lat=0.110986

+=visualizer+=  t=1.328s  e_lat=0.110754

+=visualizer+=  t=1.329s  e_lat=0.110523

+=visualizer+=  t=1.330s  e_lat=0.110291

+=visualizer+=  t=1.331s  e_lat=0.110060

+=visualizer+=  t=1.332s  e_lat=0.109828

+=visualizer+=  t=1.333s  e_lat=0.109597

+=visualizer+=  t=1.334s  e_lat=0.109365

+=visualizer+=  t=1.335s  e_lat=0.109133

+=visualizer+=  t=1.336s  e_lat=0.108901

+=visualizer+=  t=1.337s  e_lat=0.108670

+=visualizer+=  t=1.338s  e_lat=0.108438

+=visualizer+=  t=1.339s  e_lat=0.108206

+=visualizer+=  t=1.340s  e_lat=0.107974

+=visualizer+=  t=1.341s  e_lat=0.107742

+=visualizer+=  t=1.342s  e_lat=0.107510

+=visualizer+=  t=1.343s  e_lat=0.107278

+=visualizer+=  t=1.344s  e_lat=0.107046

+=visualizer+=  t=1.345s  e_lat=0.106814

+=visualizer+=  t=1.346s  e_lat=0.106582

+=visualizer+=  t=1.347s  e_lat=0.106350

+=visualizer+=  t=1.348s  e_lat=0.106118

+=visualizer+=  t=1.349s  e_lat=0.105885

+=visualizer+=  t=1.350s  e_lat=0.105653

+=visualizer+=  t=1.351s  e_lat=0.105421

+=visualizer+=  t=1.352s  e_lat=0.105189

+=visualizer+=  t=1.353s  e_lat=0.104956

+=visualizer+=  t=1.354s  e_lat=0.104724

+=visualizer+=  t=1.355s  e_lat=0.104492

+=visualizer+=  t=1.356s  e_lat=0.104259

+=visualizer+=  t=1.357s  e_lat=0.104027

+=visualizer+=  t=1.358s  e_lat=0.103794

+=visualizer+=  t=1.359s  e_lat=0.103562

+=visualizer+=  t=1.360s  e_lat=0.103329

+=visualizer+=  t=1.361s  e_lat=0.103097

+=visualizer+=  t=1.362s  e_lat=0.102864

+=visualizer+=  t=1.363s  e_lat=0.102631

+=visualizer+=  t=1.364s  e_lat=0.102399

+=visualizer+=  t=1.365s  e_lat=0.102166

+=visualizer+=  t=1.366s  e_lat=0.101933

+=visualizer+=  t=1.367s  e_lat=0.101701

+=visualizer+=  t=1.368s  e_lat=0.101468

+=visualizer+=  t=1.369s  e_lat=0.101235

+=visualizer+=  t=1.370s  e_lat=0.101002

+=visualizer+=  t=1.371s  e_lat=0.100769

+=visualizer+=  t=1.372s  e_lat=0.100536

+=visualizer+=  t=1.373s  e_lat=0.100303

+=visualizer+=  t=1.374s  e_lat=0.100070

+=visualizer+=  t=1.375s  e_lat=0.099837

+=visualizer+=  t=1.376s  e_lat=0.099604

+=visualizer+=  t=1.377s  e_lat=0.099371

+=visualizer+=  t=1.378s  e_lat=0.099138

+=visualizer+=  t=1.379s  e_lat=0.098905

+=visualizer+=  t=1.380s  e_lat=0.098672

+=visualizer+=  t=1.381s  e_lat=0.098439

+=visualizer+=  t=1.382s  e_lat=0.098206

+=visualizer+=  t=1.383s  e_lat=0.097973

+=visualizer+=  t=1.384s  e_lat=0.097739

+=visualizer+=  t=1.385s  e_lat=0.097506

+=visualizer+=  t=1.386s  e_lat=0.097273

+=visualizer+=  t=1.387s  e_lat=0.097040

+=visualizer+=  t=1.388s  e_lat=0.096806

+=visualizer+=  t=1.389s  e_lat=0.096573

+=visualizer+=  t=1.390s  e_lat=0.096340

+=visualizer+=  t=1.391s  e_lat=0.096106

+=visualizer+=  t=1.392s  e_lat=0.095873

+=visualizer+=  t=1.393s  e_lat=0.095639

+=visualizer+=  t=1.394s  e_lat=0.095406

+=visualizer+=  t=1.395s  e_lat=0.095172

+=visualizer+=  t=1.396s  e_lat=0.094939

+=visualizer+=  t=1.397s  e_lat=0.094705

+=visualizer+=  t=1.398s  e_lat=0.094472

+=visualizer+=  t=1.399s  e_lat=0.094238

+=visualizer+=  t=1.400s  e_lat=0.094005

+=visualizer+=  t=1.401s  e_lat=0.093771

+=visualizer+=  t=1.402s  e_lat=0.093537

+=visualizer+=  t=1.403s  e_lat=0.093304

+=visualizer+=  t=1.404s  e_lat=0.093070

+=visualizer+=  t=1.405s  e_lat=0.092836

+=visualizer+=  t=1.406s  e_lat=0.092603

+=visualizer+=  t=1.407s  e_lat=0.092369

+=visualizer+=  t=1.408s  e_lat=0.092135

+=visualizer+=  t=1.409s  e_lat=0.091901

+=visualizer+=  t=1.410s  e_lat=0.091668

+=visualizer+=  t=1.411s  e_lat=0.091434

+=visualizer+=  t=1.412s  e_lat=0.091200

+=visualizer+=  t=1.413s  e_lat=0.090966

+=visualizer+=  t=1.414s  e_lat=0.090732

+=visualizer+=  t=1.415s  e_lat=0.090498

+=visualizer+=  t=1.416s  e_lat=0.090264

+=visualizer+=  t=1.417s  e_lat=0.090030

+=visualizer+=  t=1.418s  e_lat=0.089796

+=visualizer+=  t=1.419s  e_lat=0.089562

+=visualizer+=  t=1.420s  e_lat=0.089328

+=visualizer+=  t=1.421s  e_lat=0.089094

+=visualizer+=  t=1.422s  e_lat=0.088860

+=visualizer+=  t=1.423s  e_lat=0.088626

+=visualizer+=  t=1.424s  e_lat=0.088392

+=visualizer+=  t=1.425s  e_lat=0.088158

+=visualizer+=  t=1.426s  e_lat=0.087924

+=visualizer+=  t=1.427s  e_lat=0.087690

+=visualizer+=  t=1.428s  e_lat=0.087456

+=visualizer+=  t=1.429s  e_lat=0.087222

+=visualizer+=  t=1.430s  e_lat=0.086987

+=visualizer+=  t=1.431s  e_lat=0.086753

+=visualizer+=  t=1.432s  e_lat=0.086519

+=visualizer+=  t=1.433s  e_lat=0.086285

+=visualizer+=  t=1.434s  e_lat=0.086051

+=visualizer+=  t=1.435s  e_lat=0.085816

+=visualizer+=  t=1.436s  e_lat=0.085582

+=visualizer+=  t=1.437s  e_lat=0.085348

+=visualizer+=  t=1.438s  e_lat=0.085114

+=visualizer+=  t=1.439s  e_lat=0.084879

+=visualizer+=  t=1.440s  e_lat=0.084645

+=visualizer+=  t=1.441s  e_lat=0.084411

+=visualizer+=  t=1.442s  e_lat=0.084176

+=visualizer+=  t=1.443s  e_lat=0.083942

+=visualizer+=  t=1.444s  e_lat=0.083707

+=visualizer+=  t=1.445s  e_lat=0.083473

+=visualizer+=  t=1.446s  e_lat=0.083239

+=visualizer+=  t=1.447s  e_lat=0.083004

+=visualizer+=  t=1.448s  e_lat=0.082770

+=visualizer+=  t=1.449s  e_lat=0.082535

+=visualizer+=  t=1.450s  e_lat=0.082301

+=visualizer+=  t=1.451s  e_lat=0.082067

+=visualizer+=  t=1.452s  e_lat=0.081832

+=visualizer+=  t=1.453s  e_lat=0.081598

+=visualizer+=  t=1.454s  e_lat=0.081363

+=visualizer+=  t=1.455s  e_lat=0.081129

+=visualizer+=  t=1.456s  e_lat=0.080894

+=visualizer+=  t=1.457s  e_lat=0.080659

+=visualizer+=  t=1.458s  e_lat=0.080425

+=visualizer+=  t=1.459s  e_lat=0.080190

+=visualizer+=  t=1.460s  e_lat=0.079956

+=visualizer+=  t=1.461s  e_lat=0.079721

+=visualizer+=  t=1.462s  e_lat=0.079487

+=visualizer+=  t=1.463s  e_lat=0.079252

+=visualizer+=  t=1.464s  e_lat=0.079017

+=visualizer+=  t=1.465s  e_lat=0.078783

+=visualizer+=  t=1.466s  e_lat=0.078548

+=visualizer+=  t=1.467s  e_lat=0.078314

+=visualizer+=  t=1.468s  e_lat=0.078079

+=visualizer+=  t=1.469s  e_lat=0.077844

+=visualizer+=  t=1.470s  e_lat=0.077610

+=visualizer+=  t=1.471s  e_lat=0.077375

+=visualizer+=  t=1.472s  e_lat=0.077140

+=visualizer+=  t=1.473s  e_lat=0.076906

+=visualizer+=  t=1.474s  e_lat=0.076671

+=visualizer+=  t=1.475s  e_lat=0.076436

+=visualizer+=  t=1.476s  e_lat=0.076202

+=visualizer+=  t=1.477s  e_lat=0.075967

+=visualizer+=  t=1.478s  e_lat=0.075732

+=visualizer+=  t=1.479s  e_lat=0.075498

+=visualizer+=  t=1.480s  e_lat=0.075263

+=visualizer+=  t=1.481s  e_lat=0.075028

+=visualizer+=  t=1.482s  e_lat=0.074793

+=visualizer+=  t=1.483s  e_lat=0.074559

+=visualizer+=  t=1.484s  e_lat=0.074324

+=visualizer+=  t=1.485s  e_lat=0.074089

+=visualizer+=  t=1.486s  e_lat=0.073854

+=visualizer+=  t=1.487s  e_lat=0.073620

+=visualizer+=  t=1.488s  e_lat=0.073385

+=visualizer+=  t=1.489s  e_lat=0.073150

+=visualizer+=  t=1.490s  e_lat=0.072915

+=visualizer+=  t=1.491s  e_lat=0.072681

+=visualizer+=  t=1.492s  e_lat=0.072446

+=visualizer+=  t=1.493s  e_lat=0.072211

+=visualizer+=  t=1.494s  e_lat=0.071976

+=visualizer+=  t=1.495s  e_lat=0.071741

+=visualizer+=  t=1.496s  e_lat=0.071507

+=visualizer+=  t=1.497s  e_lat=0.071272

+=visualizer+=  t=1.498s  e_lat=0.071037

+=visualizer+=  t=1.499s  e_lat=0.070802

+=visualizer+=  t=1.500s  e_lat=0.070567

+=visualizer+=  t=1.501s  e_lat=0.070333

+=visualizer+=  t=1.502s  e_lat=0.070098

+=visualizer+=  t=1.503s  e_lat=0.069863

+=visualizer+=  t=1.504s  e_lat=0.069628

+=visualizer+=  t=1.505s  e_lat=0.069393

+=visualizer+=  t=1.506s  e_lat=0.069159

+=visualizer+=  t=1.507s  e_lat=0.068924

+=visualizer+=  t=1.508s  e_lat=0.068689

+=visualizer+=  t=1.509s  e_lat=0.068454

+=visualizer+=  t=1.510s  e_lat=0.068219

+=visualizer+=  t=1.511s  e_lat=0.067985

+=visualizer+=  t=1.512s  e_lat=0.067750

+=visualizer+=  t=1.513s  e_lat=0.067515

+=visualizer+=  t=1.514s  e_lat=0.067280

+=visualizer+=  t=1.515s  e_lat=0.067045

+=visualizer+=  t=1.516s  e_lat=0.066810

+=visualizer+=  t=1.517s  e_lat=0.066576

+=visualizer+=  t=1.518s  e_lat=0.066341

+=visualizer+=  t=1.519s  e_lat=0.066106

+=visualizer+=  t=1.520s  e_lat=0.065871

+=visualizer+=  t=1.521s  e_lat=0.065636

+=visualizer+=  t=1.522s  e_lat=0.065402

+=visualizer+=  t=1.523s  e_lat=0.065167

+=visualizer+=  t=1.524s  e_lat=0.064932

+=visualizer+=  t=1.525s  e_lat=0.064697

+=visualizer+=  t=1.526s  e_lat=0.064463

+=visualizer+=  t=1.527s  e_lat=0.064228

+=visualizer+=  t=1.528s  e_lat=0.063993

+=visualizer+=  t=1.529s  e_lat=0.063758

+=visualizer+=  t=1.530s  e_lat=0.063523

+=visualizer+=  t=1.531s  e_lat=0.063289

+=visualizer+=  t=1.532s  e_lat=0.063054

+=visualizer+=  t=1.533s  e_lat=0.062819

+=visualizer+=  t=1.534s  e_lat=0.062584

+=visualizer+=  t=1.535s  e_lat=0.062350

+=visualizer+=  t=1.536s  e_lat=0.062115

+=visualizer+=  t=1.537s  e_lat=0.061880

+=visualizer+=  t=1.538s  e_lat=0.061645

+=visualizer+=  t=1.539s  e_lat=0.061411

+=visualizer+=  t=1.540s  e_lat=0.061176

+=visualizer+=  t=1.541s  e_lat=0.060941

+=visualizer+=  t=1.542s  e_lat=0.060707

+=visualizer+=  t=1.543s  e_lat=0.060472

+=visualizer+=  t=1.544s  e_lat=0.060237

+=visualizer+=  t=1.545s  e_lat=0.060002

+=visualizer+=  t=1.546s  e_lat=0.059768

+=visualizer+=  t=1.547s  e_lat=0.059533

+=visualizer+=  t=1.548s  e_lat=0.059298

+=visualizer+=  t=1.549s  e_lat=0.059064

+=visualizer+=  t=1.550s  e_lat=0.058829

+=visualizer+=  t=1.551s  e_lat=0.058594

+=visualizer+=  t=1.552s  e_lat=0.058360

+=visualizer+=  t=1.553s  e_lat=0.058125

+=visualizer+=  t=1.554s  e_lat=0.057891

+=visualizer+=  t=1.555s  e_lat=0.057656

+=visualizer+=  t=1.556s  e_lat=0.057421

+=visualizer+=  t=1.557s  e_lat=0.057187

+=visualizer+=  t=1.558s  e_lat=0.056952

+=visualizer+=  t=1.559s  e_lat=0.056718

+=visualizer+=  t=1.560s  e_lat=0.056483

+=visualizer+=  t=1.561s  e_lat=0.056248

+=visualizer+=  t=1.562s  e_lat=0.056014

+=visualizer+=  t=1.563s  e_lat=0.055779

+=visualizer+=  t=1.564s  e_lat=0.055545

+=visualizer+=  t=1.565s  e_lat=0.055310

+=visualizer+=  t=1.566s  e_lat=0.055076

+=visualizer+=  t=1.567s  e_lat=0.054841

+=visualizer+=  t=1.568s  e_lat=0.054607

+=visualizer+=  t=1.569s  e_lat=0.054372

+=visualizer+=  t=1.570s  e_lat=0.054138

+=visualizer+=  t=1.571s  e_lat=0.053903

+=visualizer+=  t=1.572s  e_lat=0.053669

+=visualizer+=  t=1.573s  e_lat=0.053435

+=visualizer+=  t=1.574s  e_lat=0.053200

+=visualizer+=  t=1.575s  e_lat=0.052966

+=visualizer+=  t=1.576s  e_lat=0.052731

+=visualizer+=  t=1.577s  e_lat=0.052497

+=visualizer+=  t=1.578s  e_lat=0.052263

+=visualizer+=  t=1.579s  e_lat=0.052028

+=visualizer+=  t=1.580s  e_lat=0.051794

+=visualizer+=  t=1.581s  e_lat=0.051560

+=visualizer+=  t=1.582s  e_lat=0.051325

+=visualizer+=  t=1.583s  e_lat=0.051091

+=visualizer+=  t=1.584s  e_lat=0.050857

+=visualizer+=  t=1.585s  e_lat=0.050623

+=visualizer+=  t=1.586s  e_lat=0.050388

+=visualizer+=  t=1.587s  e_lat=0.050154

+=visualizer+=  t=1.588s  e_lat=0.049920

+=visualizer+=  t=1.589s  e_lat=0.049686

+=visualizer+=  t=1.590s  e_lat=0.049452

+=visualizer+=  t=1.591s  e_lat=0.049217

+=visualizer+=  t=1.592s  e_lat=0.048983

+=visualizer+=  t=1.593s  e_lat=0.048749

+=visualizer+=  t=1.594s  e_lat=0.048515

+=visualizer+=  t=1.595s  e_lat=0.048281

+=visualizer+=  t=1.596s  e_lat=0.048047

+=visualizer+=  t=1.597s  e_lat=0.047813

+=visualizer+=  t=1.598s  e_lat=0.047579

+=visualizer+=  t=1.599s  e_lat=0.047345

+=visualizer+=  t=1.600s  e_lat=0.047111

+=visualizer+=  t=1.601s  e_lat=0.046877

+=visualizer+=  t=1.602s  e_lat=0.046643

+=visualizer+=  t=1.603s  e_lat=0.046409

+=visualizer+=  t=1.604s  e_lat=0.046175

+=visualizer+=  t=1.605s  e_lat=0.045941

+=visualizer+=  t=1.606s  e_lat=0.045707

+=visualizer+=  t=1.607s  e_lat=0.045473

+=visualizer+=  t=1.608s  e_lat=0.045239

+=visualizer+=  t=1.609s  e_lat=0.045005

+=visualizer+=  t=1.610s  e_lat=0.044771

+=visualizer+=  t=1.611s  e_lat=0.044538

+=visualizer+=  t=1.612s  e_lat=0.044304

+=visualizer+=  t=1.613s  e_lat=0.044070

+=visualizer+=  t=1.614s  e_lat=0.043836

+=visualizer+=  t=1.615s  e_lat=0.043603

+=visualizer+=  t=1.616s  e_lat=0.043369

+=visualizer+=  t=1.617s  e_lat=0.043135

+=visualizer+=  t=1.618s  e_lat=0.042902

+=visualizer+=  t=1.619s  e_lat=0.042668

+=visualizer+=  t=1.620s  e_lat=0.042434

+=visualizer+=  t=1.621s  e_lat=0.042201

+=visualizer+=  t=1.622s  e_lat=0.041967

+=visualizer+=  t=1.623s  e_lat=0.041734

+=visualizer+=  t=1.624s  e_lat=0.041500

+=visualizer+=  t=1.625s  e_lat=0.041267

+=visualizer+=  t=1.626s  e_lat=0.041033

+=visualizer+=  t=1.627s  e_lat=0.040800

+=visualizer+=  t=1.628s  e_lat=0.040566

+=visualizer+=  t=1.629s  e_lat=0.040333

+=visualizer+=  t=1.630s  e_lat=0.040099

+=visualizer+=  t=1.631s  e_lat=0.039866

+=visualizer+=  t=1.632s  e_lat=0.039633

+=visualizer+=  t=1.633s  e_lat=0.039399

+=visualizer+=  t=1.634s  e_lat=0.039166

+=visualizer+=  t=1.635s  e_lat=0.038933

+=visualizer+=  t=1.636s  e_lat=0.038699

+=visualizer+=  t=1.637s  e_lat=0.038466

+=visualizer+=  t=1.638s  e_lat=0.038233

+=visualizer+=  t=1.639s  e_lat=0.038000

+=visualizer+=  t=1.640s  e_lat=0.037767

+=visualizer+=  t=1.641s  e_lat=0.037533

+=visualizer+=  t=1.642s  e_lat=0.037300

+=visualizer+=  t=1.643s  e_lat=0.037067

+=visualizer+=  t=1.644s  e_lat=0.036834

+=visualizer+=  t=1.645s  e_lat=0.036601

+=visualizer+=  t=1.646s  e_lat=0.036368

+=visualizer+=  t=1.647s  e_lat=0.036135

+=visualizer+=  t=1.648s  e_lat=0.035902

+=visualizer+=  t=1.649s  e_lat=0.035669

+=visualizer+=  t=1.650s  e_lat=0.035436

+=visualizer+=  t=1.651s  e_lat=0.035204

+=visualizer+=  t=1.652s  e_lat=0.034971

+=visualizer+=  t=1.653s  e_lat=0.034738

+=visualizer+=  t=1.654s  e_lat=0.034505

+=visualizer+=  t=1.655s  e_lat=0.034272

+=visualizer+=  t=1.656s  e_lat=0.034040

+=visualizer+=  t=1.657s  e_lat=0.033807

+=visualizer+=  t=1.658s  e_lat=0.033574

+=visualizer+=  t=1.659s  e_lat=0.033342

+=visualizer+=  t=1.660s  e_lat=0.033109

+=visualizer+=  t=1.661s  e_lat=0.032876

+=visualizer+=  t=1.662s  e_lat=0.032644

+=visualizer+=  t=1.663s  e_lat=0.032411

+=visualizer+=  t=1.664s  e_lat=0.032179

+=visualizer+=  t=1.665s  e_lat=0.031946

+=visualizer+=  t=1.666s  e_lat=0.031714

+=visualizer+=  t=1.667s  e_lat=0.031482

+=visualizer+=  t=1.668s  e_lat=0.031249

+=visualizer+=  t=1.669s  e_lat=0.031017

+=visualizer+=  t=1.670s  e_lat=0.030785

+=visualizer+=  t=1.671s  e_lat=0.030552

+=visualizer+=  t=1.672s  e_lat=0.030320

+=visualizer+=  t=1.673s  e_lat=0.030088

+=visualizer+=  t=1.674s  e_lat=0.029856

+=visualizer+=  t=1.675s  e_lat=0.029623

+=visualizer+=  t=1.676s  e_lat=0.029391

+=visualizer+=  t=1.677s  e_lat=0.029159

+=visualizer+=  t=1.678s  e_lat=0.028927

+=visualizer+=  t=1.679s  e_lat=0.028695

+=visualizer+=  t=1.680s  e_lat=0.028463

+=visualizer+=  t=1.681s  e_lat=0.028231

+=visualizer+=  t=1.682s  e_lat=0.027999

+=visualizer+=  t=1.683s  e_lat=0.027767

+=visualizer+=  t=1.684s  e_lat=0.027536

+=visualizer+=  t=1.685s  e_lat=0.027304

+=visualizer+=  t=1.686s  e_lat=0.027072

+=visualizer+=  t=1.687s  e_lat=0.026840

+=visualizer+=  t=1.688s  e_lat=0.026608

+=visualizer+=  t=1.689s  e_lat=0.026377

+=visualizer+=  t=1.690s  e_lat=0.026145

+=visualizer+=  t=1.691s  e_lat=0.025913

+=visualizer+=  t=1.692s  e_lat=0.025682

+=visualizer+=  t=1.693s  e_lat=0.025450

+=visualizer+=  t=1.694s  e_lat=0.025219

+=visualizer+=  t=1.695s  e_lat=0.024987

+=visualizer+=  t=1.696s  e_lat=0.024756

+=visualizer+=  t=1.697s  e_lat=0.024525

+=visualizer+=  t=1.698s  e_lat=0.024293

+=visualizer+=  t=1.699s  e_lat=0.024062

+=visualizer+=  t=1.700s  e_lat=0.023831

+=visualizer+=  t=1.701s  e_lat=0.023599

+=visualizer+=  t=1.702s  e_lat=0.023368

+=visualizer+=  t=1.703s  e_lat=0.023137

+=visualizer+=  t=1.704s  e_lat=0.022906

+=visualizer+=  t=1.705s  e_lat=0.022675

+=visualizer+=  t=1.706s  e_lat=0.022444

+=visualizer+=  t=1.707s  e_lat=0.022212

+=visualizer+=  t=1.708s  e_lat=0.021981

+=visualizer+=  t=1.709s  e_lat=0.021751

+=visualizer+=  t=1.710s  e_lat=0.021520

+=visualizer+=  t=1.711s  e_lat=0.021289

+=visualizer+=  t=1.712s  e_lat=0.021058

+=visualizer+=  t=1.713s  e_lat=0.020827

+=visualizer+=  t=1.714s  e_lat=0.020596

+=visualizer+=  t=1.715s  e_lat=0.020366

+=visualizer+=  t=1.716s  e_lat=0.020135

+=visualizer+=  t=1.717s  e_lat=0.019904

+=visualizer+=  t=1.718s  e_lat=0.019674

+=visualizer+=  t=1.719s  e_lat=0.019443

+=visualizer+=  t=1.720s  e_lat=0.019213

+=visualizer+=  t=1.721s  e_lat=0.018982

+=visualizer+=  t=1.722s  e_lat=0.018752

+=visualizer+=  t=1.723s  e_lat=0.018521

+=visualizer+=  t=1.724s  e_lat=0.018291

+=visualizer+=  t=1.725s  e_lat=0.018061

+=visualizer+=  t=1.726s  e_lat=0.017830

+=visualizer+=  t=1.727s  e_lat=0.017600

+=visualizer+=  t=1.728s  e_lat=0.017370

+=visualizer+=  t=1.729s  e_lat=0.017140

+=visualizer+=  t=1.730s  e_lat=0.016910

+=visualizer+=  t=1.731s  e_lat=0.016679

+=visualizer+=  t=1.732s  e_lat=0.016449

+=visualizer+=  t=1.733s  e_lat=0.016219

+=visualizer+=  t=1.734s  e_lat=0.015990

+=visualizer+=  t=1.735s  e_lat=0.015760

+=visualizer+=  t=1.736s  e_lat=0.015530

+=visualizer+=  t=1.737s  e_lat=0.015300

+=visualizer+=  t=1.738s  e_lat=0.015070

+=visualizer+=  t=1.739s  e_lat=0.014840

+=visualizer+=  t=1.740s  e_lat=0.014611

+=visualizer+=  t=1.741s  e_lat=0.014381

+=visualizer+=  t=1.742s  e_lat=0.014152

+=visualizer+=  t=1.743s  e_lat=0.013922

+=visualizer+=  t=1.744s  e_lat=0.013693

+=visualizer+=  t=1.745s  e_lat=0.013463

+=visualizer+=  t=1.746s  e_lat=0.013234

+=visualizer+=  t=1.747s  e_lat=0.013004

+=visualizer+=  t=1.748s  e_lat=0.012775

+=visualizer+=  t=1.749s  e_lat=0.012546

+=visualizer+=  t=1.750s  e_lat=0.012316

+=visualizer+=  t=1.751s  e_lat=0.012087

+=visualizer+=  t=1.752s  e_lat=0.011858

+=visualizer+=  t=1.753s  e_lat=0.011629

+=visualizer+=  t=1.754s  e_lat=0.011400

+=visualizer+=  t=1.755s  e_lat=0.011171

+=visualizer+=  t=1.756s  e_lat=0.010942

+=visualizer+=  t=1.757s  e_lat=0.010713

+=visualizer+=  t=1.758s  e_lat=0.010484

+=visualizer+=  t=1.759s  e_lat=0.010255

+=visualizer+=  t=1.760s  e_lat=0.010027

+=visualizer+=  t=1.761s  e_lat=0.009798

+=visualizer+=  t=1.762s  e_lat=0.009569

+=visualizer+=  t=1.763s  e_lat=0.009341

+=visualizer+=  t=1.764s  e_lat=0.009112

+=visualizer+=  t=1.765s  e_lat=0.008884

+=visualizer+=  t=1.766s  e_lat=0.008655

+=visualizer+=  t=1.767s  e_lat=0.008427

+=visualizer+=  t=1.768s  e_lat=0.008198

+=visualizer+=  t=1.769s  e_lat=0.007970

+=visualizer+=  t=1.770s  e_lat=0.007742

+=visualizer+=  t=1.771s  e_lat=0.007514

+=visualizer+=  t=1.772s  e_lat=0.007285

+=visualizer+=  t=1.773s  e_lat=0.007057

+=visualizer+=  t=1.774s  e_lat=0.006829

+=visualizer+=  t=1.775s  e_lat=0.006601

+=visualizer+=  t=1.776s  e_lat=0.006373

+=visualizer+=  t=1.777s  e_lat=0.006145

+=visualizer+=  t=1.778s  e_lat=0.005917

+=visualizer+=  t=1.779s  e_lat=0.005690

+=visualizer+=  t=1.780s  e_lat=0.005462

+=visualizer+=  t=1.781s  e_lat=0.005234

+=visualizer+=  t=1.782s  e_lat=0.005006

+=visualizer+=  t=1.783s  e_lat=0.004779

+=visualizer+=  t=1.784s  e_lat=0.004551

+=visualizer+=  t=1.785s  e_lat=0.004324

+=visualizer+=  t=1.786s  e_lat=0.004096

+=visualizer+=  t=1.787s  e_lat=0.003869

+=visualizer+=  t=1.788s  e_lat=0.003641

+=visualizer+=  t=1.789s  e_lat=0.003414

+=visualizer+=  t=1.790s  e_lat=0.003187

+=visualizer+=  t=1.791s  e_lat=0.002960

+=visualizer+=  t=1.792s  e_lat=0.002733

+=visualizer+=  t=1.793s  e_lat=0.002505

+=visualizer+=  t=1.794s  e_lat=0.002278

+=visualizer+=  t=1.795s  e_lat=0.002051

+=visualizer+=  t=1.796s  e_lat=0.001825

+=visualizer+=  t=1.797s  e_lat=0.001598

+=visualizer+=  t=1.798s  e_lat=0.001371

+=visualizer+=  t=1.799s  e_lat=0.001144

+=visualizer+=  t=1.800s  e_lat=0.000917

+=visualizer+=  t=1.801s  e_lat=0.000691

+=visualizer+=  t=1.802s  e_lat=0.000464

+=visualizer+=  t=1.803s  e_lat=0.000238

+=visualizer+=  t=1.804s  e_lat=0.000011

+=visualizer+=  t=1.805s  e_lat=-0.000215

+=visualizer+=  t=1.806s  e_lat=-0.000442

+=visualizer+=  t=1.807s  e_lat=-0.000668

+=visualizer+=  t=1.808s  e_lat=-0.000894

+=visualizer+=  t=1.809s  e_lat=-0.001120

+=visualizer+=  t=1.810s  e_lat=-0.001347

+=visualizer+=  t=1.811s  e_lat=-0.001573

+=visualizer+=  t=1.812s  e_lat=-0.001799

+=visualizer+=  t=1.813s  e_lat=-0.002025

+=visualizer+=  t=1.814s  e_lat=-0.002251

+=visualizer+=  t=1.815s  e_lat=-0.002476

+=visualizer+=  t=1.816s  e_lat=-0.002702

+=visualizer+=  t=1.817s  e_lat=-0.002928

+=visualizer+=  t=1.818s  e_lat=-0.003154

+=visualizer+=  t=1.819s  e_lat=-0.003379

+=visualizer+=  t=1.820s  e_lat=-0.003605

+=visualizer+=  t=1.821s  e_lat=-0.003830

+=visualizer+=  t=1.822s  e_lat=-0.004056

+=visualizer+=  t=1.823s  e_lat=-0.004281

+=visualizer+=  t=1.824s  e_lat=-0.004507

+=visualizer+=  t=1.825s  e_lat=-0.004732

+=visualizer+=  t=1.826s  e_lat=-0.004957

+=visualizer+=  t=1.827s  e_lat=-0.005182

+=visualizer+=  t=1.828s  e_lat=-0.005407

+=visualizer+=  t=1.829s  e_lat=-0.005632

+=visualizer+=  t=1.830s  e_lat=-0.005857

+=visualizer+=  t=1.831s  e_lat=-0.006082

+=visualizer+=  t=1.832s  e_lat=-0.006307

+=visualizer+=  t=1.833s  e_lat=-0.006532

+=visualizer+=  t=1.834s  e_lat=-0.006757

+=visualizer+=  t=1.835s  e_lat=-0.006981

+=visualizer+=  t=1.836s  e_lat=-0.007206

+=visualizer+=  t=1.837s  e_lat=-0.007430

+=visualizer+=  t=1.838s  e_lat=-0.007655

+=visualizer+=  t=1.839s  e_lat=-0.007879

+=visualizer+=  t=1.840s  e_lat=-0.008104

+=visualizer+=  t=1.841s  e_lat=-0.008328

+=visualizer+=  t=1.842s  e_lat=-0.008552

+=visualizer+=  t=1.843s  e_lat=-0.008776

+=visualizer+=  t=1.844s  e_lat=-0.009000

+=visualizer+=  t=1.845s  e_lat=-0.009224

+=visualizer+=  t=1.846s  e_lat=-0.009448

+=visualizer+=  t=1.847s  e_lat=-0.009672

+=visualizer+=  t=1.848s  e_lat=-0.009896

+=visualizer+=  t=1.849s  e_lat=-0.010120

+=visualizer+=  t=1.850s  e_lat=-0.010344

+=visualizer+=  t=1.851s  e_lat=-0.010567

+=visualizer+=  t=1.852s  e_lat=-0.010791

+=visualizer+=  t=1.853s  e_lat=-0.011014

+=visualizer+=  t=1.854s  e_lat=-0.011238

+=visualizer+=  t=1.855s  e_lat=-0.011461

+=visualizer+=  t=1.856s  e_lat=-0.011685

+=visualizer+=  t=1.857s  e_lat=-0.011908

+=visualizer+=  t=1.858s  e_lat=-0.012131

+=visualizer+=  t=1.859s  e_lat=-0.012354

+=visualizer+=  t=1.860s  e_lat=-0.012577

+=visualizer+=  t=1.861s  e_lat=-0.012800

+=visualizer+=  t=1.862s  e_lat=-0.013023

+=visualizer+=  t=1.863s  e_lat=-0.013246

+=visualizer+=  t=1.864s  e_lat=-0.013469

+=visualizer+=  t=1.865s  e_lat=-0.013692

+=visualizer+=  t=1.866s  e_lat=-0.013914

+=visualizer+=  t=1.867s  e_lat=-0.014137

+=visualizer+=  t=1.868s  e_lat=-0.014360

+=visualizer+=  t=1.869s  e_lat=-0.014582

+=visualizer+=  t=1.870s  e_lat=-0.014804

+=visualizer+=  t=1.871s  e_lat=-0.015027

+=visualizer+=  t=1.872s  e_lat=-0.015249

+=visualizer+=  t=1.873s  e_lat=-0.015471

+=visualizer+=  t=1.874s  e_lat=-0.015693

+=visualizer+=  t=1.875s  e_lat=-0.015915

+=visualizer+=  t=1.876s  e_lat=-0.016137

+=visualizer+=  t=1.877s  e_lat=-0.016359

+=visualizer+=  t=1.878s  e_lat=-0.016581

+=visualizer+=  t=1.879s  e_lat=-0.016803

+=visualizer+=  t=1.880s  e_lat=-0.017025

+=visualizer+=  t=1.881s  e_lat=-0.017246

+=visualizer+=  t=1.882s  e_lat=-0.017468

+=visualizer+=  t=1.883s  e_lat=-0.017690

+=visualizer+=  t=1.884s  e_lat=-0.017911

+=visualizer+=  t=1.885s  e_lat=-0.018132

+=visualizer+=  t=1.886s  e_lat=-0.018354

+=visualizer+=  t=1.887s  e_lat=-0.018575

+=visualizer+=  t=1.888s  e_lat=-0.018796

+=visualizer+=  t=1.889s  e_lat=-0.019017

+=visualizer+=  t=1.890s  e_lat=-0.019238

+=visualizer+=  t=1.891s  e_lat=-0.019459

+=visualizer+=  t=1.892s  e_lat=-0.019680

+=visualizer+=  t=1.893s  e_lat=-0.019901

+=visualizer+=  t=1.894s  e_lat=-0.020122

+=visualizer+=  t=1.895s  e_lat=-0.020342

+=visualizer+=  t=1.896s  e_lat=-0.020563

+=visualizer+=  t=1.897s  e_lat=-0.020783

+=visualizer+=  t=1.898s  e_lat=-0.021004

+=visualizer+=  t=1.899s  e_lat=-0.021224

+=visualizer+=  t=1.900s  e_lat=-0.021444

+=visualizer+=  t=1.901s  e_lat=-0.021665

+=visualizer+=  t=1.902s  e_lat=-0.021885

+=visualizer+=  t=1.903s  e_lat=-0.022105

+=visualizer+=  t=1.904s  e_lat=-0.022325

+=visualizer+=  t=1.905s  e_lat=-0.022545

+=visualizer+=  t=1.906s  e_lat=-0.022765

+=visualizer+=  t=1.907s  e_lat=-0.022985

+=visualizer+=  t=1.908s  e_lat=-0.023204

+=visualizer+=  t=1.909s  e_lat=-0.023424

+=visualizer+=  t=1.910s  e_lat=-0.023643

+=visualizer+=  t=1.911s  e_lat=-0.023863

+=visualizer+=  t=1.912s  e_lat=-0.024082

+=visualizer+=  t=1.913s  e_lat=-0.024302

+=visualizer+=  t=1.914s  e_lat=-0.024521

+=visualizer+=  t=1.915s  e_lat=-0.024740

+=visualizer+=  t=1.916s  e_lat=-0.024959

+=visualizer+=  t=1.917s  e_lat=-0.025178

+=visualizer+=  t=1.918s  e_lat=-0.025397

+=visualizer+=  t=1.919s  e_lat=-0.025616

+=visualizer+=  t=1.920s  e_lat=-0.025835

+=visualizer+=  t=1.921s  e_lat=-0.026054

+=visualizer+=  t=1.922s  e_lat=-0.026272

+=visualizer+=  t=1.923s  e_lat=-0.026491

+=visualizer+=  t=1.924s  e_lat=-0.026709

+=visualizer+=  t=1.925s  e_lat=-0.026928

+=visualizer+=  t=1.926s  e_lat=-0.027146

+=visualizer+=  t=1.927s  e_lat=-0.027364

+=visualizer+=  t=1.928s  e_lat=-0.027583

+=visualizer+=  t=1.929s  e_lat=-0.027801

+=visualizer+=  t=1.930s  e_lat=-0.028019

+=visualizer+=  t=1.931s  e_lat=-0.028237

+=visualizer+=  t=1.932s  e_lat=-0.028455

+=visualizer+=  t=1.933s  e_lat=-0.028672

+=visualizer+=  t=1.934s  e_lat=-0.028890

+=visualizer+=  t=1.935s  e_lat=-0.029108

+=visualizer+=  t=1.936s  e_lat=-0.029325

+=visualizer+=  t=1.937s  e_lat=-0.029543

+=visualizer+=  t=1.938s  e_lat=-0.029760

+=visualizer+=  t=1.939s  e_lat=-0.029978

+=visualizer+=  t=1.940s  e_lat=-0.030195

+=visualizer+=  t=1.941s  e_lat=-0.030412

+=visualizer+=  t=1.942s  e_lat=-0.030629

+=visualizer+=  t=1.943s  e_lat=-0.030846

+=visualizer+=  t=1.944s  e_lat=-0.031063

+=visualizer+=  t=1.945s  e_lat=-0.031280

+=visualizer+=  t=1.946s  e_lat=-0.031497

+=visualizer+=  t=1.947s  e_lat=-0.031713

+=visualizer+=  t=1.948s  e_lat=-0.031930

+=visualizer+=  t=1.949s  e_lat=-0.032146

+=visualizer+=  t=1.950s  e_lat=-0.032363

+=visualizer+=  t=1.951s  e_lat=-0.032579

+=visualizer+=  t=1.952s  e_lat=-0.032796

+=visualizer+=  t=1.953s  e_lat=-0.033012

+=visualizer+=  t=1.954s  e_lat=-0.033228

+=visualizer+=  t=1.955s  e_lat=-0.033444

+=visualizer+=  t=1.956s  e_lat=-0.033660

+=visualizer+=  t=1.957s  e_lat=-0.033876

+=visualizer+=  t=1.958s  e_lat=-0.034092

+=visualizer+=  t=1.959s  e_lat=-0.034307

+=visualizer+=  t=1.960s  e_lat=-0.034523

+=visualizer+=  t=1.961s  e_lat=-0.034738

+=visualizer+=  t=1.962s  e_lat=-0.034954

+=visualizer+=  t=1.963s  e_lat=-0.035169

+=visualizer+=  t=1.964s  e_lat=-0.035384

+=visualizer+=  t=1.965s  e_lat=-0.035600

+=visualizer+=  t=1.966s  e_lat=-0.035815

+=visualizer+=  t=1.967s  e_lat=-0.036030

+=visualizer+=  t=1.968s  e_lat=-0.036245

+=visualizer+=  t=1.969s  e_lat=-0.036460

+=visualizer+=  t=1.970s  e_lat=-0.036674

+=visualizer+=  t=1.971s  e_lat=-0.036889

+=visualizer+=  t=1.972s  e_lat=-0.037104

+=visualizer+=  t=1.973s  e_lat=-0.037318

+=visualizer+=  t=1.974s  e_lat=-0.037533

+=visualizer+=  t=1.975s  e_lat=-0.037747

+=visualizer+=  t=1.976s  e_lat=-0.037961

+=visualizer+=  t=1.977s  e_lat=-0.038175

+=visualizer+=  t=1.978s  e_lat=-0.038390

+=visualizer+=  t=1.979s  e_lat=-0.038604

+=visualizer+=  t=1.980s  e_lat=-0.038818

+=visualizer+=  t=1.981s  e_lat=-0.039031

+=visualizer+=  t=1.982s  e_lat=-0.039245

+=visualizer+=  t=1.983s  e_lat=-0.039459

+=visualizer+=  t=1.984s  e_lat=-0.039672

+=visualizer+=  t=1.985s  e_lat=-0.039886

+=visualizer+=  t=1.986s  e_lat=-0.040099

+=visualizer+=  t=1.987s  e_lat=-0.040313

+=visualizer+=  t=1.988s  e_lat=-0.040526

+=visualizer+=  t=1.989s  e_lat=-0.040739

+=visualizer+=  t=1.990s  e_lat=-0.040952

+=visualizer+=  t=1.991s  e_lat=-0.041165

+=visualizer+=  t=1.992s  e_lat=-0.041378

+=visualizer+=  t=1.993s  e_lat=-0.041591

+=visualizer+=  t=1.994s  e_lat=-0.041803

+=visualizer+=  t=1.995s  e_lat=-0.042016

+=visualizer+=  t=1.996s  e_lat=-0.042228

+=visualizer+=  t=1.997s  e_lat=-0.042441

+=visualizer+=  t=1.998s  e_lat=-0.042653

+=visualizer+=  t=1.999s  e_lat=-0.042865

+=visualizer+=  t=2.000s  e_lat=-0.043078

+=visualizer+=  t=2.001s  e_lat=-0.043290

+=visualizer+=  t=2.002s  e_lat=-0.043502

+=visualizer+=  t=2.003s  e_lat=-0.043714

+=visualizer+=  t=2.004s  e_lat=-0.043925

+=visualizer+=  t=2.005s  e_lat=-0.044137

+=visualizer+=  t=2.006s  e_lat=-0.044349

+=visualizer+=  t=2.007s  e_lat=-0.044560

+=visualizer+=  t=2.008s  e_lat=-0.044772

+=visualizer+=  t=2.009s  e_lat=-0.044983

+=visualizer+=  t=2.010s  e_lat=-0.045194

+=visualizer+=  t=2.011s  e_lat=-0.045405

+=visualizer+=  t=2.012s  e_lat=-0.045616

+=visualizer+=  t=2.013s  e_lat=-0.045827

+=visualizer+=  t=2.014s  e_lat=-0.046038

+=visualizer+=  t=2.015s  e_lat=-0.046249

+=visualizer+=  t=2.016s  e_lat=-0.046460

+=visualizer+=  t=2.017s  e_lat=-0.046670

+=visualizer+=  t=2.018s  e_lat=-0.046881

+=visualizer+=  t=2.019s  e_lat=-0.047091

+=visualizer+=  t=2.020s  e_lat=-0.047302

+=visualizer+=  t=2.021s  e_lat=-0.047512

+=visualizer+=  t=2.022s  e_lat=-0.047722

+=visualizer+=  t=2.023s  e_lat=-0.047932

+=visualizer+=  t=2.024s  e_lat=-0.048142

+=visualizer+=  t=2.025s  e_lat=-0.048352

+=visualizer+=  t=2.026s  e_lat=-0.048562

+=visualizer+=  t=2.027s  e_lat=-0.048771

+=visualizer+=  t=2.028s  e_lat=-0.048981

+=visualizer+=  t=2.029s  e_lat=-0.049190

+=visualizer+=  t=2.030s  e_lat=-0.049400

+=visualizer+=  t=2.031s  e_lat=-0.049609

+=visualizer+=  t=2.032s  e_lat=-0.049818

+=visualizer+=  t=2.033s  e_lat=-0.050027

+=visualizer+=  t=2.034s  e_lat=-0.050236

+=visualizer+=  t=2.035s  e_lat=-0.050445

+=visualizer+=  t=2.036s  e_lat=-0.050654

+=visualizer+=  t=2.037s  e_lat=-0.050863

+=visualizer+=  t=2.038s  e_lat=-0.051071

+=visualizer+=  t=2.039s  e_lat=-0.051280

+=visualizer+=  t=2.040s  e_lat=-0.051488

+=visualizer+=  t=2.041s  e_lat=-0.051697

+=visualizer+=  t=2.042s  e_lat=-0.051905

+=visualizer+=  t=2.043s  e_lat=-0.052113

+=visualizer+=  t=2.044s  e_lat=-0.052321

+=visualizer+=  t=2.045s  e_lat=-0.052529

+=visualizer+=  t=2.046s  e_lat=-0.052737

+=visualizer+=  t=2.047s  e_lat=-0.052945

+=visualizer+=  t=2.048s  e_lat=-0.053152

+=visualizer+=  t=2.049s  e_lat=-0.053360

+=visualizer+=  t=2.050s  e_lat=-0.053567

+=visualizer+=  t=2.051s  e_lat=-0.053775

+=visualizer+=  t=2.052s  e_lat=-0.053982

+=visualizer+=  t=2.053s  e_lat=-0.054189

+=visualizer+=  t=2.054s  e_lat=-0.054396

+=visualizer+=  t=2.055s  e_lat=-0.054603

+=visualizer+=  t=2.056s  e_lat=-0.054810

+=visualizer+=  t=2.057s  e_lat=-0.055017

+=visualizer+=  t=2.058s  e_lat=-0.055224

+=visualizer+=  t=2.059s  e_lat=-0.055430
error(32): DCBlockingSend(): Error calling send(): Broken pipe

+=visualizer+=  t=2.059s  e_lat=-0.055430
Killed
make[1]: *** [Makefile.client2:31: sim] Error 137
make[1]: Leaving directory '/data/tools/pave/innexis_home/vsi_2025.2/examples/vsiTutorials/.robot_line_follower/src/lineFollowerDT'
