Script started on 2026-03-16 08:41:57+00:00 [TERM="xterm" TTY="/dev/pts/7" COLUMNS="80" LINES="24"]
make[1]: Entering directory '/data/tools/pave/innexis_home/vsi_2025.2/examples/vsiTutorials/robot-line-follower/src/lineFollowerDT'
python3 .//src/simulator/simulator.py --domain="AF_UNIX" --server-url="localhost" --path-type="straight" --spawn-offset=0.3 --noise-x=0.0 --noise-y=0.0 --noise-theta=0.0
+=+ XLVIP-INFO: XlTlmMessageLayer::connectToServer():
+=+    Connecting clientId=':remoteSession0' to 'server@localhost' ...
+=+    Successfully connected 'client :remoteSession0' to 'server@localhost'
+=+    Negotiated socket connection configuration
+=+        Use socket manager thread=FALSE
+=+        Use TCP_NODELAY=TRUE
+=+        Use UDP=FALSE
+=+ XLVIP-INFO: XlTlmMessageLayer::connect():
+=+    Successfully connected this remote client conduit into the TLM fabric server:
+=+        clientId=:remoteSession0
+=+        conduitId=:timeServerConduit0
           localClientConduitHandle=0x62b54b5a4a48
           remoteServerProxyConduitHandle=0x13890370
+=+ XLVIP-INFO: XlTlmMessageLayer::connect():
+=+    Successfully connected this remote client conduit into the TLM fabric server:
+=+        clientId=:remoteSession0
+=+        conduitId=:resetServerConduit0
           localClientConduitHandle=0x62b54b871408
           remoteServerProxyConduitHandle=0x1388c470
+=+ XLVIP-INFO: XlTlmMessageLayer::connect():
+=+    Successfully connected this remote client conduit into the TLM fabric server:
+=+        clientId=:remoteSession0
+=+        conduitId=:txConfigPort0
           localClientConduitHandle=0x62b54b953750
           remoteServerProxyConduitHandle=0x1389fc60
+=+ XLVIP-INFO: XlTlmMessageLayer::connect():
+=+    Successfully connected this remote client conduit into the TLM fabric server:
+=+        clientId=:remoteSession0
+=+        conduitId=:rxConfigPort0
           localClientConduitHandle=0x62b54b9555b0
           remoteServerProxyConduitHandle=0x1389b870
+=+ INFO: ... successfully connected to TLM FabricServer !
+=+ XLVIP-INFO: XlTlmMessageLayer::connect():
+=+    Successfully connected this remote client conduit into the TLM fabric server:
+=+        clientId=:remoteSession0
+=+        conduitId=:txCanFrameConduit0
           localClientConduitHandle=0x62b54b955860
           remoteServerProxyConduitHandle=0x13894e00
+=+ XLVIP-INFO: XlTlmMessageLayer::connect():
+=+    Successfully connected this remote client conduit into the TLM fabric server:
+=+        clientId=:remoteSession0
+=+        conduitId=:rxCanFrameConduit0
           localClientConduitHandle=0x62b54b958590
           remoteServerProxyConduitHandle=0x13893b60

+=simulator+=
  VSI time: 80100 ns
  Robot: (0.0000, 0.3000, -0.2853)
  Path:  (0.0000, 0.0000, 0.0000)
  Cmd:   v=0.0000 w=0.0000


+=simulator+=
  VSI time: 1080100 ns
  Robot: (0.0005, 0.2999, -0.2853)
  Path:  (0.0000, 0.0000, 0.0000)
  Cmd:   v=0.5000 w=-0.0000


+=simulator+=
  VSI time: 2080100 ns
  Robot: (0.0010, 0.2997, -0.2850)
  Path:  (0.0000, 0.0000, 0.0000)
  Cmd:   v=0.5000 w=0.2559


+=simulator+=
  VSI time: 3080100 ns
  Robot: (0.0014, 0.2996, -0.2848)
  Path:  (0.0000, 0.0000, 0.0000)
  Cmd:   v=0.5000 w=0.2561


+=simulator+=
  VSI time: 4080100 ns
  Robot: (0.0019, 0.2994, -0.2845)
  Path:  (0.0000, 0.0000, 0.0000)
  Cmd:   v=0.5000 w=0.2556


+=simulator+=
  VSI time: 5080100 ns
  Robot: (0.0024, 0.2993, -0.2843)
  Path:  (0.0000, 0.0000, 0.0000)
  Cmd:   v=0.5000 w=0.2551


+=simulator+=
  VSI time: 6080100 ns
  Robot: (0.0029, 0.2992, -0.2840)
  Path:  (0.0000, 0.0000, 0.0000)
  Cmd:   v=0.5000 w=0.2546


+=simulator+=
  VSI time: 7080100 ns
  Robot: (0.0034, 0.2990, -0.2838)
  Path:  (0.0000, 0.0000, 0.0000)
  Cmd:   v=0.5000 w=0.2540


+=simulator+=
  VSI time: 8080100 ns
  Robot: (0.0038, 0.2989, -0.2835)
  Path:  (0.0075, 0.0000, 0.0000)
  Cmd:   v=0.5000 w=0.2535


+=simulator+=
  VSI time: 9080100 ns
  Robot: (0.0043, 0.2987, -0.2833)
  Path:  (0.0075, 0.0000, 0.0000)
  Cmd:   v=0.5000 w=0.2530


+=simulator+=
  VSI time: 10080100 ns
  Robot: (0.0048, 0.2986, -0.2830)
  Path:  (0.0075, 0.0000, 0.0000)
  Cmd:   v=0.5000 w=0.2525


+=simulator+=
  VSI time: 11080100 ns
  Robot: (0.0053, 0.2985, -0.2828)
  Path:  (0.0075, 0.0000, 0.0000)
  Cmd:   v=0.5000 w=0.2520


+=simulator+=
  VSI time: 12080100 ns
  Robot: (0.0058, 0.2983, -0.2825)
  Path:  (0.0075, 0.0000, 0.0000)
  Cmd:   v=0.5000 w=0.2515


+=simulator+=
  VSI time: 13080100 ns
  Robot: (0.0062, 0.2982, -0.2823)
  Path:  (0.0075, 0.0000, 0.0000)
  Cmd:   v=0.5000 w=0.2510


+=simulator+=
  VSI time: 14080100 ns
  Robot: (0.0067, 0.2980, -0.2820)
  Path:  (0.0075, 0.0000, 0.0000)
  Cmd:   v=0.5000 w=0.2505


+=simulator+=
  VSI time: 15080100 ns
  Robot: (0.0072, 0.2979, -0.2818)
  Path:  (0.0075, 0.0000, 0.0000)
  Cmd:   v=0.5000 w=0.2500


+=simulator+=
  VSI time: 16080100 ns
  Robot: (0.0077, 0.2978, -0.2815)
  Path:  (0.0075, 0.0000, 0.0000)
  Cmd:   v=0.5000 w=0.2495


+=simulator+=
  VSI time: 17080100 ns
  Robot: (0.0082, 0.2976, -0.2813)
  Path:  (0.0075, 0.0000, 0.0000)
  Cmd:   v=0.5000 w=0.2490


+=simulator+=
  VSI time: 18080100 ns
  Robot: (0.0086, 0.2975, -0.2810)
  Path:  (0.0075, 0.0000, 0.0000)
  Cmd:   v=0.5000 w=0.2485


+=simulator+=
  VSI time: 19080100 ns
  Robot: (0.0091, 0.2973, -0.2808)
  Path:  (0.0075, 0.0000, 0.0000)
  Cmd:   v=0.5000 w=0.2480


+=simulator+=
  VSI time: 20080100 ns
  Robot: (0.0096, 0.2972, -0.2805)
  Path:  (0.0075, 0.0000, 0.0000)
  Cmd:   v=0.5000 w=0.2475


+=simulator+=
  VSI time: 21080100 ns
  Robot: (0.0101, 0.2971, -0.2803)
  Path:  (0.0075, 0.0000, 0.0000)
  Cmd:   v=0.5000 w=0.2470


+=simulator+=
  VSI time: 22080100 ns
  Robot: (0.0106, 0.2969, -0.2800)
  Path:  (0.0075, 0.0000, 0.0000)
  Cmd:   v=0.5000 w=0.2465


+=simulator+=
  VSI time: 23080100 ns
  Robot: (0.0110, 0.2968, -0.2798)
  Path:  (0.0075, 0.0000, 0.0000)
  Cmd:   v=0.5000 w=0.2460


+=simulator+=
  VSI time: 24080100 ns
  Robot: (0.0115, 0.2967, -0.2795)
  Path:  (0.0150, 0.0000, 0.0000)
  Cmd:   v=0.5000 w=0.2455


+=simulator+=
  VSI time: 25080100 ns
  Robot: (0.0120, 0.2965, -0.2793)
  Path:  (0.0150, 0.0000, 0.0000)
  Cmd:   v=0.5000 w=0.2450


+=simulator+=
  VSI time: 26080100 ns
  Robot: (0.0125, 0.2964, -0.2790)
  Path:  (0.0150, 0.0000, 0.0000)
  Cmd:   v=0.5000 w=0.2445


+=simulator+=
  VSI time: 27080100 ns
  Robot: (0.0130, 0.2962, -0.2788)
  Path:  (0.0150, 0.0000, 0.0000)
  Cmd:   v=0.5000 w=0.2440


+=simulator+=
  VSI time: 28080100 ns
  Robot: (0.0134, 0.2961, -0.2785)
  Path:  (0.0150, 0.0000, 0.0000)
  Cmd:   v=0.5000 w=0.2435


+=simulator+=
  VSI time: 29080100 ns
  Robot: (0.0139, 0.2960, -0.2783)
  Path:  (0.0150, 0.0000, 0.0000)
  Cmd:   v=0.5000 w=0.2431


+=simulator+=
  VSI time: 30080100 ns
  Robot: (0.0144, 0.2958, -0.2781)
  Path:  (0.0150, 0.0000, 0.0000)
  Cmd:   v=0.5000 w=0.2426


+=simulator+=
  VSI time: 31080100 ns
  Robot: (0.0149, 0.2957, -0.2778)
  Path:  (0.0150, 0.0000, 0.0000)
  Cmd:   v=0.5000 w=0.2421


+=simulator+=
  VSI time: 32080100 ns
  Robot: (0.0154, 0.2956, -0.2776)
  Path:  (0.0150, 0.0000, 0.0000)
  Cmd:   v=0.5000 w=0.2416


+=simulator+=
  VSI time: 33080100 ns
  Robot: (0.0159, 0.2954, -0.2773)
  Path:  (0.0150, 0.0000, 0.0000)
  Cmd:   v=0.5000 w=0.2411


+=simulator+=
  VSI time: 34080100 ns
  Robot: (0.0163, 0.2953, -0.2771)
  Path:  (0.0150, 0.0000, 0.0000)
  Cmd:   v=0.5000 w=0.2406


+=simulator+=
  VSI time: 35080100 ns
  Robot: (0.0168, 0.2951, -0.2769)
  Path:  (0.0150, 0.0000, 0.0000)
  Cmd:   v=0.5000 w=0.2402


+=simulator+=
  VSI time: 36080100 ns
  Robot: (0.0173, 0.2950, -0.2766)
  Path:  (0.0150, 0.0000, 0.0000)
  Cmd:   v=0.5000 w=0.2397


+=simulator+=
  VSI time: 37080100 ns
  Robot: (0.0178, 0.2949, -0.2764)
  Path:  (0.0150, 0.0000, 0.0000)
  Cmd:   v=0.5000 w=0.2392


+=simulator+=
  VSI time: 38080100 ns
  Robot: (0.0183, 0.2947, -0.2761)
  Path:  (0.0150, 0.0000, 0.0000)
  Cmd:   v=0.5000 w=0.2387


+=simulator+=
  VSI time: 39080100 ns
  Robot: (0.0187, 0.2946, -0.2759)
  Path:  (0.0150, 0.0000, 0.0000)
  Cmd:   v=0.5000 w=0.2383


+=simulator+=
  VSI time: 40080100 ns
  Robot: (0.0192, 0.2945, -0.2757)
  Path:  (0.0225, 0.0000, 0.0000)
  Cmd:   v=0.5000 w=0.2378


+=simulator+=
  VSI time: 41080100 ns
  Robot: (0.0197, 0.2943, -0.2754)
  Path:  (0.0225, 0.0000, 0.0000)
  Cmd:   v=0.5000 w=0.2373


+=simulator+=
  VSI time: 42080100 ns
  Robot: (0.0202, 0.2942, -0.2752)
  Path:  (0.0225, 0.0000, 0.0000)
  Cmd:   v=0.5000 w=0.2368


+=simulator+=
  VSI time: 43080100 ns
  Robot: (0.0207, 0.2941, -0.2750)
  Path:  (0.0225, 0.0000, 0.0000)
  Cmd:   v=0.5000 w=0.2364


+=simulator+=
  VSI time: 44080100 ns
  Robot: (0.0211, 0.2939, -0.2747)
  Path:  (0.0225, 0.0000, 0.0000)
  Cmd:   v=0.5000 w=0.2359


+=simulator+=
  VSI time: 45080100 ns
  Robot: (0.0216, 0.2938, -0.2745)
  Path:  (0.0225, 0.0000, 0.0000)
  Cmd:   v=0.5000 w=0.2354


+=simulator+=
  VSI time: 46080100 ns
  Robot: (0.0221, 0.2936, -0.2742)
  Path:  (0.0225, 0.0000, 0.0000)
  Cmd:   v=0.5000 w=0.2350


+=simulator+=
  VSI time: 47080100 ns
  Robot: (0.0226, 0.2935, -0.2740)
  Path:  (0.0225, 0.0000, 0.0000)
  Cmd:   v=0.5000 w=0.2345


+=simulator+=
  VSI time: 48080100 ns
  Robot: (0.0231, 0.2934, -0.2738)
  Path:  (0.0225, 0.0000, 0.0000)
  Cmd:   v=0.5000 w=0.2340


+=simulator+=
  VSI time: 49080100 ns
  Robot: (0.0235, 0.2932, -0.2735)
  Path:  (0.0225, 0.0000, 0.0000)
  Cmd:   v=0.5000 w=0.2336


+=simulator+=
  VSI time: 50080100 ns
  Robot: (0.0240, 0.2931, -0.2733)
  Path:  (0.0225, 0.0000, 0.0000)
  Cmd:   v=0.5000 w=0.2331


+=simulator+=
  VSI time: 51080100 ns
  Robot: (0.0245, 0.2930, -0.2731)
  Path:  (0.0225, 0.0000, 0.0000)
  Cmd:   v=0.5000 w=0.2327


+=simulator+=
  VSI time: 52080100 ns
  Robot: (0.0250, 0.2928, -0.2728)
  Path:  (0.0225, 0.0000, 0.0000)
  Cmd:   v=0.5000 w=0.2322


+=simulator+=
  VSI time: 53080100 ns
  Robot: (0.0255, 0.2927, -0.2726)
  Path:  (0.0225, 0.0000, 0.0000)
  Cmd:   v=0.5000 w=0.2317


+=simulator+=
  VSI time: 54080100 ns
  Robot: (0.0260, 0.2926, -0.2724)
  Path:  (0.0225, 0.0000, 0.0000)
  Cmd:   v=0.5000 w=0.2313


+=simulator+=
  VSI time: 55080100 ns
  Robot: (0.0264, 0.2924, -0.2722)
  Path:  (0.0300, 0.0000, 0.0000)
  Cmd:   v=0.5000 w=0.2308


+=simulator+=
  VSI time: 56080100 ns
  Robot: (0.0269, 0.2923, -0.2719)
  Path:  (0.0300, 0.0000, 0.0000)
  Cmd:   v=0.5000 w=0.2304


+=simulator+=
  VSI time: 57080100 ns
  Robot: (0.0274, 0.2922, -0.2717)
  Path:  (0.0300, 0.0000, 0.0000)
  Cmd:   v=0.5000 w=0.2299


+=simulator+=
  VSI time: 58080100 ns
  Robot: (0.0279, 0.2920, -0.2715)
  Path:  (0.0300, 0.0000, 0.0000)
  Cmd:   v=0.5000 w=0.2295


+=simulator+=
  VSI time: 59080100 ns
  Robot: (0.0284, 0.2919, -0.2712)
  Path:  (0.0300, 0.0000, 0.0000)
  Cmd:   v=0.5000 w=0.2290


+=simulator+=
  VSI time: 60080100 ns
  Robot: (0.0288, 0.2918, -0.2710)
  Path:  (0.0300, 0.0000, 0.0000)
  Cmd:   v=0.5000 w=0.2286


+=simulator+=
  VSI time: 61080100 ns
  Robot: (0.0293, 0.2916, -0.2708)
  Path:  (0.0300, 0.0000, 0.0000)
  Cmd:   v=0.5000 w=0.2281


+=simulator+=
  VSI time: 62080100 ns
  Robot: (0.0298, 0.2915, -0.2705)
  Path:  (0.0300, 0.0000, 0.0000)
  Cmd:   v=0.5000 w=0.2277


+=simulator+=
  VSI time: 63080100 ns
  Robot: (0.0303, 0.2914, -0.2703)
  Path:  (0.0300, 0.0000, 0.0000)
  Cmd:   v=0.5000 w=0.2272


+=simulator+=
  VSI time: 64080100 ns
  Robot: (0.0308, 0.2912, -0.2701)
  Path:  (0.0300, 0.0000, 0.0000)
  Cmd:   v=0.5000 w=0.2268


+=simulator+=
  VSI time: 65080100 ns
  Robot: (0.0313, 0.2911, -0.2699)
  Path:  (0.0300, 0.0000, 0.0000)
  Cmd:   v=0.5000 w=0.2263


+=simulator+=
  VSI time: 66080100 ns
  Robot: (0.0317, 0.2910, -0.2696)
  Path:  (0.0300, 0.0000, 0.0000)
  Cmd:   v=0.5000 w=0.2259


+=simulator+=
  VSI time: 67080100 ns
  Robot: (0.0322, 0.2908, -0.2694)
  Path:  (0.0300, 0.0000, 0.0000)
  Cmd:   v=0.5000 w=0.2255


+=simulator+=
  VSI time: 68080100 ns
  Robot: (0.0327, 0.2907, -0.2692)
  Path:  (0.0300, 0.0000, 0.0000)
  Cmd:   v=0.5000 w=0.2250


+=simulator+=
  VSI time: 69080100 ns
  Robot: (0.0332, 0.2906, -0.2690)
  Path:  (0.0300, 0.0000, 0.0000)
  Cmd:   v=0.5000 w=0.2246


+=simulator+=
  VSI time: 70080100 ns
  Robot: (0.0337, 0.2904, -0.2687)
  Path:  (0.0300, 0.0000, 0.0000)
  Cmd:   v=0.5000 w=0.2241


+=simulator+=
  VSI time: 71080100 ns
  Robot: (0.0341, 0.2903, -0.2685)
  Path:  (0.0375, 0.0000, 0.0000)
  Cmd:   v=0.5000 w=0.2237


+=simulator+=
  VSI time: 72080100 ns
  Robot: (0.0346, 0.2902, -0.2683)
  Path:  (0.0375, 0.0000, 0.0000)
  Cmd:   v=0.5000 w=0.2233


+=simulator+=
  VSI time: 73080100 ns
  Robot: (0.0351, 0.2900, -0.2681)
  Path:  (0.0375, 0.0000, 0.0000)
  Cmd:   v=0.5000 w=0.2228


+=simulator+=
  VSI time: 74080100 ns
  Robot: (0.0356, 0.2899, -0.2678)
  Path:  (0.0375, 0.0000, 0.0000)
  Cmd:   v=0.5000 w=0.2224


+=simulator+=
  VSI time: 75080100 ns
  Robot: (0.0361, 0.2898, -0.2676)
  Path:  (0.0375, 0.0000, 0.0000)
  Cmd:   v=0.5000 w=0.2220


+=simulator+=
  VSI time: 76080100 ns
  Robot: (0.0366, 0.2896, -0.2674)
  Path:  (0.0375, 0.0000, 0.0000)
  Cmd:   v=0.5000 w=0.2215


+=simulator+=
  VSI time: 77080100 ns
  Robot: (0.0370, 0.2895, -0.2672)
  Path:  (0.0375, 0.0000, 0.0000)
  Cmd:   v=0.5000 w=0.2211


+=simulator+=
  VSI time: 78080100 ns
  Robot: (0.0375, 0.2894, -0.2670)
  Path:  (0.0375, 0.0000, 0.0000)
  Cmd:   v=0.5000 w=0.2207


+=simulator+=
  VSI time: 79080100 ns
  Robot: (0.0380, 0.2892, -0.2667)
  Path:  (0.0375, 0.0000, 0.0000)
  Cmd:   v=0.5000 w=0.2203


+=simulator+=
  VSI time: 80080100 ns
  Robot: (0.0385, 0.2891, -0.2665)
  Path:  (0.0375, 0.0000, 0.0000)
  Cmd:   v=0.5000 w=0.2198


+=simulator+=
  VSI time: 81080100 ns
  Robot: (0.0390, 0.2890, -0.2663)
  Path:  (0.0375, 0.0000, 0.0000)
  Cmd:   v=0.5000 w=0.2194


+=simulator+=
  VSI time: 82080100 ns
  Robot: (0.0395, 0.2888, -0.2661)
  Path:  (0.0375, 0.0000, 0.0000)
  Cmd:   v=0.5000 w=0.2190


+=simulator+=
  VSI time: 83080100 ns
  Robot: (0.0399, 0.2887, -0.2659)
  Path:  (0.0375, 0.0000, 0.0000)
  Cmd:   v=0.5000 w=0.2186


+=simulator+=
  VSI time: 84080100 ns
  Robot: (0.0404, 0.2886, -0.2656)
  Path:  (0.0375, 0.0000, 0.0000)
  Cmd:   v=0.5000 w=0.2181


+=simulator+=
  VSI time: 85080100 ns
  Robot: (0.0409, 0.2884, -0.2654)
  Path:  (0.0375, 0.0000, 0.0000)
  Cmd:   v=0.5000 w=0.2177


+=simulator+=
  VSI time: 86080100 ns
  Robot: (0.0414, 0.2883, -0.2652)
  Path:  (0.0450, 0.0000, 0.0000)
  Cmd:   v=0.5000 w=0.2173


+=simulator+=
  VSI time: 87080100 ns
  Robot: (0.0419, 0.2882, -0.2650)
  Path:  (0.0450, 0.0000, 0.0000)
  Cmd:   v=0.5000 w=0.2169


+=simulator+=
  VSI time: 88080100 ns
  Robot: (0.0423, 0.2881, -0.2648)
  Path:  (0.0450, 0.0000, 0.0000)
  Cmd:   v=0.5000 w=0.2165


+=simulator+=
  VSI time: 89080100 ns
  Robot: (0.0428, 0.2879, -0.2646)
  Path:  (0.0450, 0.0000, 0.0000)
  Cmd:   v=0.5000 w=0.2160


+=simulator+=
  VSI time: 90080100 ns
  Robot: (0.0433, 0.2878, -0.2643)
  Path:  (0.0450, 0.0000, 0.0000)
  Cmd:   v=0.5000 w=0.2156


+=simulator+=
  VSI time: 91080100 ns
  Robot: (0.0438, 0.2877, -0.2641)
  Path:  (0.0450, 0.0000, 0.0000)
  Cmd:   v=0.5000 w=0.2152


+=simulator+=
  VSI time: 92080100 ns
  Robot: (0.0443, 0.2875, -0.2639)
  Path:  (0.0450, 0.0000, 0.0000)
  Cmd:   v=0.5000 w=0.2148


+=simulator+=
  VSI time: 93080100 ns
  Robot: (0.0448, 0.2874, -0.2637)
  Path:  (0.0450, 0.0000, 0.0000)
  Cmd:   v=0.5000 w=0.2144


+=simulator+=
  VSI time: 94080100 ns
  Robot: (0.0452, 0.2873, -0.2635)
  Path:  (0.0450, 0.0000, 0.0000)
  Cmd:   v=0.5000 w=0.2140


+=simulator+=
  VSI time: 95080100 ns
  Robot: (0.0457, 0.2871, -0.2633)
  Path:  (0.0450, 0.0000, 0.0000)
  Cmd:   v=0.5000 w=0.2136


+=simulator+=
  VSI time: 96080100 ns
  Robot: (0.0462, 0.2870, -0.2631)
  Path:  (0.0450, 0.0000, 0.0000)
  Cmd:   v=0.5000 w=0.2131


+=simulator+=
  VSI time: 97080100 ns
  Robot: (0.0467, 0.2869, -0.2629)
  Path:  (0.0450, 0.0000, 0.0000)
  Cmd:   v=0.5000 w=0.2127


+=simulator+=
  VSI time: 98080100 ns
  Robot: (0.0472, 0.2867, -0.2626)
  Path:  (0.0450, 0.0000, 0.0000)
  Cmd:   v=0.5000 w=0.2123


+=simulator+=
  VSI time: 99080100 ns
  Robot: (0.0477, 0.2866, -0.2624)
  Path:  (0.0450, 0.0000, 0.0000)
  Cmd:   v=0.5000 w=0.2119


+=simulator+=
  VSI time: 100080100 ns
  Robot: (0.0481, 0.2865, -0.2622)
  Path:  (0.0450, 0.0000, 0.0000)
  Cmd:   v=0.5000 w=0.2115


+=simulator+=
  VSI time: 101080100 ns
  Robot: (0.0486, 0.2864, -0.2620)
  Path:  (0.0450, 0.0000, 0.0000)
  Cmd:   v=0.5000 w=0.2111


+=simulator+=
  VSI time: 102080100 ns
  Robot: (0.0491, 0.2862, -0.2618)
  Path:  (0.0525, 0.0000, 0.0000)
  Cmd:   v=0.5000 w=0.2107


+=simulator+=
  VSI time: 103080100 ns
  Robot: (0.0496, 0.2861, -0.2616)
  Path:  (0.0525, 0.0000, 0.0000)
  Cmd:   v=0.5000 w=0.2103


+=simulator+=
  VSI time: 104080100 ns
  Robot: (0.0501, 0.2860, -0.2614)
  Path:  (0.0525, 0.0000, 0.0000)
  Cmd:   v=0.5000 w=0.2099


+=simulator+=
  VSI time: 105080100 ns
  Robot: (0.0506, 0.2858, -0.2612)
  Path:  (0.0525, 0.0000, 0.0000)
  Cmd:   v=0.5000 w=0.2095


+=simulator+=
  VSI time: 106080100 ns
  Robot: (0.0510, 0.2857, -0.2610)
  Path:  (0.0525, 0.0000, 0.0000)
  Cmd:   v=0.5000 w=0.2091


+=simulator+=
  VSI time: 107080100 ns
  Robot: (0.0515, 0.2856, -0.2607)
  Path:  (0.0525, 0.0000, 0.0000)
  Cmd:   v=0.5000 w=0.2087


+=simulator+=
  VSI time: 108080100 ns
  Robot: (0.0520, 0.2855, -0.2605)
  Path:  (0.0525, 0.0000, 0.0000)
  Cmd:   v=0.5000 w=0.2083


+=simulator+=
  VSI time: 109080100 ns
  Robot: (0.0525, 0.2853, -0.2603)
  Path:  (0.0525, 0.0000, 0.0000)
  Cmd:   v=0.5000 w=0.2079


+=simulator+=
  VSI time: 110080100 ns
  Robot: (0.0530, 0.2852, -0.2601)
  Path:  (0.0525, 0.0000, 0.0000)
  Cmd:   v=0.5000 w=0.2075


+=simulator+=
  VSI time: 111080100 ns
  Robot: (0.0535, 0.2851, -0.2599)
  Path:  (0.0525, 0.0000, 0.0000)
  Cmd:   v=0.5000 w=0.2071


+=simulator+=
  VSI time: 112080100 ns
  Robot: (0.0539, 0.2849, -0.2597)
  Path:  (0.0525, 0.0000, 0.0000)
  Cmd:   v=0.5000 w=0.2067


+=simulator+=
  VSI time: 113080100 ns
  Robot: (0.0544, 0.2848, -0.2595)
  Path:  (0.0525, 0.0000, 0.0000)
  Cmd:   v=0.5000 w=0.2063


+=simulator+=
  VSI time: 114080100 ns
  Robot: (0.0549, 0.2847, -0.2593)
  Path:  (0.0525, 0.0000, 0.0000)
  Cmd:   v=0.5000 w=0.2059


+=simulator+=
  VSI time: 115080100 ns
  Robot: (0.0554, 0.2846, -0.2591)
  Path:  (0.0525, 0.0000, 0.0000)
  Cmd:   v=0.5000 w=0.2055


+=simulator+=
  VSI time: 116080100 ns
  Robot: (0.0559, 0.2844, -0.2589)
  Path:  (0.0525, 0.0000, 0.0000)
  Cmd:   v=0.5000 w=0.2052


+=simulator+=
  VSI time: 117080100 ns
  Robot: (0.0564, 0.2843, -0.2587)
  Path:  (0.0600, 0.0000, 0.0000)
  Cmd:   v=0.5000 w=0.2048


+=simulator+=
  VSI time: 118080100 ns
  Robot: (0.0568, 0.2842, -0.2585)
  Path:  (0.0600, 0.0000, 0.0000)
  Cmd:   v=0.5000 w=0.2044


+=simulator+=
  VSI time: 119080100 ns
  Robot: (0.0573, 0.2840, -0.2583)
  Path:  (0.0600, 0.0000, 0.0000)
  Cmd:   v=0.5000 w=0.2040


+=simulator+=
  VSI time: 120080100 ns
  Robot: (0.0578, 0.2839, -0.2581)
  Path:  (0.0600, 0.0000, 0.0000)
  Cmd:   v=0.5000 w=0.2036


+=simulator+=
  VSI time: 121080100 ns
  Robot: (0.0583, 0.2838, -0.2579)
  Path:  (0.0600, 0.0000, 0.0000)
  Cmd:   v=0.5000 w=0.2032


+=simulator+=
  VSI time: 122080100 ns
  Robot: (0.0588, 0.2837, -0.2577)
  Path:  (0.0600, 0.0000, 0.0000)
  Cmd:   v=0.5000 w=0.2028


+=simulator+=
  VSI time: 123080100 ns
  Robot: (0.0593, 0.2835, -0.2575)
  Path:  (0.0600, 0.0000, 0.0000)
  Cmd:   v=0.5000 w=0.2025


+=simulator+=
  VSI time: 124080100 ns
  Robot: (0.0597, 0.2834, -0.2573)
  Path:  (0.0600, 0.0000, 0.0000)
  Cmd:   v=0.5000 w=0.2021


+=simulator+=
  VSI time: 125080100 ns
  Robot: (0.0602, 0.2833, -0.2571)
  Path:  (0.0600, 0.0000, 0.0000)
  Cmd:   v=0.5000 w=0.2017


+=simulator+=
  VSI time: 126080100 ns
  Robot: (0.0607, 0.2832, -0.2569)
  Path:  (0.0600, 0.0000, 0.0000)
  Cmd:   v=0.5000 w=0.2013


+=simulator+=
  VSI time: 127080100 ns
  Robot: (0.0612, 0.2830, -0.2567)
  Path:  (0.0600, 0.0000, 0.0000)
  Cmd:   v=0.5000 w=0.2009


+=simulator+=
  VSI time: 128080100 ns
  Robot: (0.0617, 0.2829, -0.2565)
  Path:  (0.0600, 0.0000, 0.0000)
  Cmd:   v=0.5000 w=0.2006


+=simulator+=
  VSI time: 129080100 ns
  Robot: (0.0622, 0.2828, -0.2563)
  Path:  (0.0600, 0.0000, 0.0000)
  Cmd:   v=0.5000 w=0.2002


+=simulator+=
  VSI time: 130080100 ns
  Robot: (0.0626, 0.2826, -0.2561)
  Path:  (0.0600, 0.0000, 0.0000)
  Cmd:   v=0.5000 w=0.1998


+=simulator+=
  VSI time: 131080100 ns
  Robot: (0.0631, 0.2825, -0.2559)
  Path:  (0.0600, 0.0000, 0.0000)
  Cmd:   v=0.5000 w=0.1994


+=simulator+=
  VSI time: 132080100 ns
  Robot: (0.0636, 0.2824, -0.2557)
  Path:  (0.0600, 0.0000, 0.0000)
  Cmd:   v=0.5000 w=0.1991


+=simulator+=
  VSI time: 133080100 ns
  Robot: (0.0641, 0.2823, -0.2555)
  Path:  (0.0675, 0.0000, 0.0000)
  Cmd:   v=0.5000 w=0.1987


+=simulator+=
  VSI time: 134080100 ns
  Robot: (0.0646, 0.2821, -0.2553)
  Path:  (0.0675, 0.0000, 0.0000)
  Cmd:   v=0.5000 w=0.1983


+=simulator+=
  VSI time: 135080100 ns
  Robot: (0.0651, 0.2820, -0.2551)
  Path:  (0.0675, 0.0000, 0.0000)
  Cmd:   v=0.5000 w=0.1979


+=simulator+=
  VSI time: 136080100 ns
  Robot: (0.0655, 0.2819, -0.2549)
  Path:  (0.0675, 0.0000, 0.0000)
  Cmd:   v=0.5000 w=0.1976


+=simulator+=
  VSI time: 137080100 ns
  Robot: (0.0660, 0.2818, -0.2547)
  Path:  (0.0675, 0.0000, 0.0000)
  Cmd:   v=0.5000 w=0.1972


+=simulator+=
  VSI time: 138080100 ns
  Robot: (0.0665, 0.2816, -0.2545)
  Path:  (0.0675, 0.0000, 0.0000)
  Cmd:   v=0.5000 w=0.1968


+=simulator+=
  VSI time: 139080100 ns
  Robot: (0.0670, 0.2815, -0.2543)
  Path:  (0.0675, 0.0000, 0.0000)
  Cmd:   v=0.5000 w=0.1965


+=simulator+=
  VSI time: 140080100 ns
  Robot: (0.0675, 0.2814, -0.2541)
  Path:  (0.0675, 0.0000, 0.0000)
  Cmd:   v=0.5000 w=0.1961


+=simulator+=
  VSI time: 141080100 ns
  Robot: (0.0680, 0.2813, -0.2539)
  Path:  (0.0675, 0.0000, 0.0000)
  Cmd:   v=0.5000 w=0.1957


+=simulator+=
  VSI time: 142080100 ns
  Robot: (0.0684, 0.2811, -0.2537)
  Path:  (0.0675, 0.0000, 0.0000)
  Cmd:   v=0.5000 w=0.1954


+=simulator+=
  VSI time: 143080100 ns
  Robot: (0.0689, 0.2810, -0.2535)
  Path:  (0.0675, 0.0000, 0.0000)
  Cmd:   v=0.5000 w=0.1950


+=simulator+=
  VSI time: 144080100 ns
  Robot: (0.0694, 0.2809, -0.2533)
  Path:  (0.0675, 0.0000, 0.0000)
  Cmd:   v=0.5000 w=0.1946


+=simulator+=
  VSI time: 145080100 ns
  Robot: (0.0699, 0.2808, -0.2531)
  Path:  (0.0675, 0.0000, 0.0000)
  Cmd:   v=0.5000 w=0.1943


+=simulator+=
  VSI time: 146080100 ns
  Robot: (0.0704, 0.2806, -0.2529)
  Path:  (0.0675, 0.0000, 0.0000)
  Cmd:   v=0.5000 w=0.1939


+=simulator+=
  VSI time: 147080100 ns
  Robot: (0.0709, 0.2805, -0.2527)
  Path:  (0.0675, 0.0000, 0.0000)
  Cmd:   v=0.5000 w=0.1936


+=simulator+=
  VSI time: 148080100 ns
  Robot: (0.0713, 0.2804, -0.2525)
  Path:  (0.0750, 0.0000, 0.0000)
  Cmd:   v=0.5000 w=0.1932


+=simulator+=
  VSI time: 149080100 ns
  Robot: (0.0718, 0.2803, -0.2523)
  Path:  (0.0750, 0.0000, 0.0000)
  Cmd:   v=0.5000 w=0.1928


+=simulator+=
  VSI time: 150080100 ns
  Robot: (0.0723, 0.2801, -0.2521)
  Path:  (0.0750, 0.0000, 0.0000)
  Cmd:   v=0.5000 w=0.1925


+=simulator+=
  VSI time: 151080100 ns
  Robot: (0.0728, 0.2800, -0.2519)
  Path:  (0.0750, 0.0000, 0.0000)
  Cmd:   v=0.5000 w=0.1921


+=simulator+=
  VSI time: 152080100 ns
  Robot: (0.0733, 0.2799, -0.2518)
  Path:  (0.0750, 0.0000, 0.0000)
  Cmd:   v=0.5000 w=0.1918


+=simulator+=
  VSI time: 153080100 ns
  Robot: (0.0738, 0.2798, -0.2516)
  Path:  (0.0750, 0.0000, 0.0000)
  Cmd:   v=0.5000 w=0.1914


+=simulator+=
  VSI time: 154080100 ns
  Robot: (0.0743, 0.2796, -0.2514)
  Path:  (0.0750, 0.0000, 0.0000)
  Cmd:   v=0.5000 w=0.1911


+=simulator+=
  VSI time: 155080100 ns
  Robot: (0.0747, 0.2795, -0.2512)
  Path:  (0.0750, 0.0000, 0.0000)
  Cmd:   v=0.5000 w=0.1907


+=simulator+=
  VSI time: 156080100 ns
  Robot: (0.0752, 0.2794, -0.2510)
  Path:  (0.0750, 0.0000, 0.0000)
  Cmd:   v=0.5000 w=0.1904


+=simulator+=
  VSI time: 157080100 ns
  Robot: (0.0757, 0.2793, -0.2508)
  Path:  (0.0750, 0.0000, 0.0000)
  Cmd:   v=0.5000 w=0.1900


+=simulator+=
  VSI time: 158080100 ns
  Robot: (0.0762, 0.2791, -0.2506)
  Path:  (0.0750, 0.0000, 0.0000)
  Cmd:   v=0.5000 w=0.1897


+=simulator+=
  VSI time: 159080100 ns
  Robot: (0.0767, 0.2790, -0.2504)
  Path:  (0.0750, 0.0000, 0.0000)
  Cmd:   v=0.5000 w=0.1893


+=simulator+=
  VSI time: 160080100 ns
  Robot: (0.0772, 0.2789, -0.2502)
  Path:  (0.0750, 0.0000, 0.0000)
  Cmd:   v=0.5000 w=0.1890


+=simulator+=
  VSI time: 161080100 ns
  Robot: (0.0776, 0.2788, -0.2500)
  Path:  (0.0750, 0.0000, 0.0000)
  Cmd:   v=0.5000 w=0.1886


+=simulator+=
  VSI time: 162080100 ns
  Robot: (0.0781, 0.2786, -0.2499)
  Path:  (0.0750, 0.0000, 0.0000)
  Cmd:   v=0.5000 w=0.1883


+=simulator+=
  VSI time: 163080100 ns
  Robot: (0.0786, 0.2785, -0.2497)
  Path:  (0.0750, 0.0000, 0.0000)
  Cmd:   v=0.5000 w=0.1879


+=simulator+=
  VSI time: 164080100 ns
  Robot: (0.0791, 0.2784, -0.2495)
  Path:  (0.0825, 0.0000, 0.0000)
  Cmd:   v=0.5000 w=0.1876


+=simulator+=
  VSI time: 165080100 ns
  Robot: (0.0796, 0.2783, -0.2493)
  Path:  (0.0825, 0.0000, 0.0000)
  Cmd:   v=0.5000 w=0.1872


+=simulator+=
  VSI time: 166080100 ns
  Robot: (0.0801, 0.2781, -0.2491)
  Path:  (0.0825, 0.0000, 0.0000)
  Cmd:   v=0.5000 w=0.1869


+=simulator+=
  VSI time: 167080100 ns
  Robot: (0.0806, 0.2780, -0.2489)
  Path:  (0.0825, 0.0000, 0.0000)
  Cmd:   v=0.5000 w=0.1865


+=simulator+=
  VSI time: 168080100 ns
  Robot: (0.0810, 0.2779, -0.2487)
  Path:  (0.0825, 0.0000, 0.0000)
  Cmd:   v=0.5000 w=0.1862


+=simulator+=
  VSI time: 169080100 ns
  Robot: (0.0815, 0.2778, -0.2485)
  Path:  (0.0825, 0.0000, 0.0000)
  Cmd:   v=0.5000 w=0.1859


+=simulator+=
  VSI time: 170080100 ns
  Robot: (0.0820, 0.2777, -0.2484)
  Path:  (0.0825, 0.0000, 0.0000)
  Cmd:   v=0.5000 w=0.1855


+=simulator+=
  VSI time: 171080100 ns
  Robot: (0.0825, 0.2775, -0.2482)
  Path:  (0.0825, 0.0000, 0.0000)
  Cmd:   v=0.5000 w=0.1852


+=simulator+=
  VSI time: 172080100 ns
  Robot: (0.0830, 0.2774, -0.2480)
  Path:  (0.0825, 0.0000, 0.0000)
  Cmd:   v=0.5000 w=0.1848


+=simulator+=
  VSI time: 173080100 ns
  Robot: (0.0835, 0.2773, -0.2478)
  Path:  (0.0825, 0.0000, 0.0000)
  Cmd:   v=0.5000 w=0.1845


+=simulator+=
  VSI time: 174080100 ns
  Robot: (0.0839, 0.2772, -0.2476)
  Path:  (0.0825, 0.0000, 0.0000)
  Cmd:   v=0.5000 w=0.1842


+=simulator+=
  VSI time: 175080100 ns
  Robot: (0.0844, 0.2770, -0.2474)
  Path:  (0.0825, 0.0000, 0.0000)
  Cmd:   v=0.5000 w=0.1838


+=simulator+=
  VSI time: 176080100 ns
  Robot: (0.0849, 0.2769, -0.2473)
  Path:  (0.0825, 0.0000, 0.0000)
  Cmd:   v=0.5000 w=0.1835


+=simulator+=
  VSI time: 177080100 ns
  Robot: (0.0854, 0.2768, -0.2471)
  Path:  (0.0825, 0.0000, 0.0000)
  Cmd:   v=0.5000 w=0.1832


+=simulator+=
  VSI time: 178080100 ns
  Robot: (0.0859, 0.2767, -0.2469)
  Path:  (0.0825, 0.0000, 0.0000)
  Cmd:   v=0.5000 w=0.1828


+=simulator+=
  VSI time: 179080100 ns
  Robot: (0.0864, 0.2766, -0.2467)
  Path:  (0.0900, 0.0000, 0.0000)
  Cmd:   v=0.5000 w=0.1825


+=simulator+=
  VSI time: 180080100 ns
  Robot: (0.0869, 0.2764, -0.2465)
  Path:  (0.0900, 0.0000, 0.0000)
  Cmd:   v=0.5000 w=0.1822


+=simulator+=
  VSI time: 181080100 ns
  Robot: (0.0873, 0.2763, -0.2463)
  Path:  (0.0900, 0.0000, 0.0000)
  Cmd:   v=0.5000 w=0.1818


+=simulator+=
  VSI time: 182080100 ns
  Robot: (0.0878, 0.2762, -0.2462)
  Path:  (0.0900, 0.0000, 0.0000)
  Cmd:   v=0.5000 w=0.1815


+=simulator+=
  VSI time: 183080100 ns
  Robot: (0.0883, 0.2761, -0.2460)
  Path:  (0.0900, 0.0000, 0.0000)
  Cmd:   v=0.5000 w=0.1812


+=simulator+=
  VSI time: 184080100 ns
  Robot: (0.0888, 0.2759, -0.2458)
  Path:  (0.0900, 0.0000, 0.0000)
  Cmd:   v=0.5000 w=0.1808


+=simulator+=
  VSI time: 185080100 ns
  Robot: (0.0893, 0.2758, -0.2456)
  Path:  (0.0900, 0.0000, 0.0000)
  Cmd:   v=0.5000 w=0.1805


+=simulator+=
  VSI time: 186080100 ns
  Robot: (0.0898, 0.2757, -0.2454)
  Path:  (0.0900, 0.0000, 0.0000)
  Cmd:   v=0.5000 w=0.1802


+=simulator+=
  VSI time: 187080100 ns
  Robot: (0.0902, 0.2756, -0.2453)
  Path:  (0.0900, 0.0000, 0.0000)
  Cmd:   v=0.5000 w=0.1799


+=simulator+=
  VSI time: 188080100 ns
  Robot: (0.0907, 0.2755, -0.2451)
  Path:  (0.0900, 0.0000, 0.0000)
  Cmd:   v=0.5000 w=0.1795


+=simulator+=
  VSI time: 189080100 ns
  Robot: (0.0912, 0.2753, -0.2449)
  Path:  (0.0900, 0.0000, 0.0000)
  Cmd:   v=0.5000 w=0.1792


+=simulator+=
  VSI time: 190080100 ns
  Robot: (0.0917, 0.2752, -0.2447)
  Path:  (0.0900, 0.0000, 0.0000)
  Cmd:   v=0.5000 w=0.1789


+=simulator+=
  VSI time: 191080100 ns
  Robot: (0.0922, 0.2751, -0.2445)
  Path:  (0.0900, 0.0000, 0.0000)
  Cmd:   v=0.5000 w=0.1786


+=simulator+=
  VSI time: 192080100 ns
  Robot: (0.0927, 0.2750, -0.2444)
  Path:  (0.0900, 0.0000, 0.0000)
  Cmd:   v=0.5000 w=0.1782


+=simulator+=
  VSI time: 193080100 ns
  Robot: (0.0932, 0.2748, -0.2442)
  Path:  (0.0900, 0.0000, 0.0000)
  Cmd:   v=0.5000 w=0.1779


+=simulator+=
  VSI time: 194080100 ns
  Robot: (0.0936, 0.2747, -0.2440)
  Path:  (0.0900, 0.0000, 0.0000)
  Cmd:   v=0.5000 w=0.1776


+=simulator+=
  VSI time: 195080100 ns
  Robot: (0.0941, 0.2746, -0.2438)
  Path:  (0.0975, 0.0000, 0.0000)
  Cmd:   v=0.5000 w=0.1773


+=simulator+=
  VSI time: 196080100 ns
  Robot: (0.0946, 0.2745, -0.2437)
  Path:  (0.0975, 0.0000, 0.0000)
  Cmd:   v=0.5000 w=0.1770


+=simulator+=
  VSI time: 197080100 ns
  Robot: (0.0951, 0.2744, -0.2435)
  Path:  (0.0975, 0.0000, 0.0000)
  Cmd:   v=0.5000 w=0.1766


+=simulator+=
  VSI time: 198080100 ns
  Robot: (0.0956, 0.2742, -0.2433)
  Path:  (0.0975, 0.0000, 0.0000)
  Cmd:   v=0.5000 w=0.1763


+=simulator+=
  VSI time: 199080100 ns
  Robot: (0.0961, 0.2741, -0.2431)
  Path:  (0.0975, 0.0000, 0.0000)
  Cmd:   v=0.5000 w=0.1760


+=simulator+=
  VSI time: 200080100 ns
  Robot: (0.0966, 0.2740, -0.2429)
  Path:  (0.0975, 0.0000, 0.0000)
  Cmd:   v=0.5000 w=0.1757


+=simulator+=
  VSI time: 201080100 ns
  Robot: (0.0970, 0.2739, -0.2428)
  Path:  (0.0975, 0.0000, 0.0000)
  Cmd:   v=0.5000 w=0.1754


+=simulator+=
  VSI time: 202080100 ns
  Robot: (0.0975, 0.2738, -0.2426)
  Path:  (0.0975, 0.0000, 0.0000)
  Cmd:   v=0.5000 w=0.1751


+=simulator+=
  VSI time: 203080100 ns
  Robot: (0.0980, 0.2736, -0.2424)
  Path:  (0.0975, 0.0000, 0.0000)
  Cmd:   v=0.5000 w=0.1748


+=simulator+=
  VSI time: 204080100 ns
  Robot: (0.0985, 0.2735, -0.2422)
  Path:  (0.0975, 0.0000, 0.0000)
  Cmd:   v=0.5000 w=0.1744


+=simulator+=
  VSI time: 205080100 ns
  Robot: (0.0990, 0.2734, -0.2421)
  Path:  (0.0975, 0.0000, 0.0000)
  Cmd:   v=0.5000 w=0.1741


+=simulator+=
  VSI time: 206080100 ns
  Robot: (0.0995, 0.2733, -0.2419)
  Path:  (0.0975, 0.0000, 0.0000)
  Cmd:   v=0.5000 w=0.1738


+=simulator+=
  VSI time: 207080100 ns
  Robot: (0.1000, 0.2732, -0.2417)
  Path:  (0.0975, 0.0000, 0.0000)
  Cmd:   v=0.5000 w=0.1735


+=simulator+=
  VSI time: 208080100 ns
  Robot: (0.1004, 0.2730, -0.2416)
  Path:  (0.0975, 0.0000, 0.0000)
  Cmd:   v=0.5000 w=0.1732


+=simulator+=
  VSI time: 209080100 ns
  Robot: (0.1009, 0.2729, -0.2414)
  Path:  (0.0975, 0.0000, 0.0000)
  Cmd:   v=0.5000 w=0.1729


+=simulator+=
  VSI time: 210080100 ns
  Robot: (0.1014, 0.2728, -0.2412)
  Path:  (0.1051, 0.0000, 0.0000)
  Cmd:   v=0.5000 w=0.1726


+=simulator+=
  VSI time: 211080100 ns
  Robot: (0.1019, 0.2727, -0.2410)
  Path:  (0.1051, 0.0000, 0.0000)
  Cmd:   v=0.5000 w=0.1723


+=simulator+=
  VSI time: 212080100 ns
  Robot: (0.1024, 0.2726, -0.2409)
  Path:  (0.1051, 0.0000, 0.0000)
  Cmd:   v=0.5000 w=0.1720


+=simulator+=
  VSI time: 213080100 ns
  Robot: (0.1029, 0.2724, -0.2407)
  Path:  (0.1051, 0.0000, 0.0000)
  Cmd:   v=0.5000 w=0.1717


+=simulator+=
  VSI time: 214080100 ns
  Robot: (0.1034, 0.2723, -0.2405)
  Path:  (0.1051, 0.0000, 0.0000)
  Cmd:   v=0.5000 w=0.1714


+=simulator+=
  VSI time: 215080100 ns
  Robot: (0.1038, 0.2722, -0.2403)
  Path:  (0.1051, 0.0000, 0.0000)
  Cmd:   v=0.5000 w=0.1711


+=simulator+=
  VSI time: 216080100 ns
  Robot: (0.1043, 0.2721, -0.2402)
  Path:  (0.1051, 0.0000, 0.0000)
  Cmd:   v=0.5000 w=0.1708


+=simulator+=
  VSI time: 217080100 ns
  Robot: (0.1048, 0.2720, -0.2400)
  Path:  (0.1051, 0.0000, 0.0000)
  Cmd:   v=0.5000 w=0.1705


+=simulator+=
  VSI time: 218080100 ns
  Robot: (0.1053, 0.2719, -0.2398)
  Path:  (0.1051, 0.0000, 0.0000)
  Cmd:   v=0.5000 w=0.1702


+=simulator+=
  VSI time: 219080100 ns
  Robot: (0.1058, 0.2717, -0.2397)
  Path:  (0.1051, 0.0000, 0.0000)
  Cmd:   v=0.5000 w=0.1699


+=simulator+=
  VSI time: 220080100 ns
  Robot: (0.1063, 0.2716, -0.2395)
  Path:  (0.1051, 0.0000, 0.0000)
  Cmd:   v=0.5000 w=0.1696


+=simulator+=
  VSI time: 221080100 ns
  Robot: (0.1068, 0.2715, -0.2393)
  Path:  (0.1051, 0.0000, 0.0000)
  Cmd:   v=0.5000 w=0.1693


+=simulator+=
  VSI time: 222080100 ns
  Robot: (0.1072, 0.2714, -0.2392)
  Path:  (0.1051, 0.0000, 0.0000)
  Cmd:   v=0.5000 w=0.1690


+=simulator+=
  VSI time: 223080100 ns
  Robot: (0.1077, 0.2713, -0.2390)
  Path:  (0.1051, 0.0000, 0.0000)
  Cmd:   v=0.5000 w=0.1687


+=simulator+=
  VSI time: 224080100 ns
  Robot: (0.1082, 0.2711, -0.2388)
  Path:  (0.1051, 0.0000, 0.0000)
  Cmd:   v=0.5000 w=0.1684


+=simulator+=
  VSI time: 225080100 ns
  Robot: (0.1087, 0.2710, -0.2387)
  Path:  (0.1051, 0.0000, 0.0000)
  Cmd:   v=0.5000 w=0.1681


+=simulator+=
  VSI time: 226080100 ns
  Robot: (0.1092, 0.2709, -0.2385)
  Path:  (0.1126, 0.0000, 0.0000)
  Cmd:   v=0.5000 w=0.1678


+=simulator+=
  VSI time: 227080100 ns
  Robot: (0.1097, 0.2708, -0.2383)
  Path:  (0.1126, 0.0000, 0.0000)
  Cmd:   v=0.5000 w=0.1675


+=simulator+=
  VSI time: 228080100 ns
  Robot: (0.1102, 0.2707, -0.2382)
  Path:  (0.1126, 0.0000, 0.0000)
  Cmd:   v=0.5000 w=0.1672


+=simulator+=
  VSI time: 229080100 ns
  Robot: (0.1106, 0.2706, -0.2380)
  Path:  (0.1126, 0.0000, 0.0000)
  Cmd:   v=0.5000 w=0.1669


+=simulator+=
  VSI time: 230080100 ns
  Robot: (0.1111, 0.2704, -0.2378)
  Path:  (0.1126, 0.0000, 0.0000)
  Cmd:   v=0.5000 w=0.1666


+=simulator+=
  VSI time: 231080100 ns
  Robot: (0.1116, 0.2703, -0.2377)
  Path:  (0.1126, 0.0000, 0.0000)
  Cmd:   v=0.5000 w=0.1663


+=simulator+=
  VSI time: 232080100 ns
  Robot: (0.1121, 0.2702, -0.2375)
  Path:  (0.1126, 0.0000, 0.0000)
  Cmd:   v=0.5000 w=0.1660


+=simulator+=
  VSI time: 233080100 ns
  Robot: (0.1126, 0.2701, -0.2373)
  Path:  (0.1126, 0.0000, 0.0000)
  Cmd:   v=0.5000 w=0.1657


+=simulator+=
  VSI time: 234080100 ns
  Robot: (0.1131, 0.2700, -0.2372)
  Path:  (0.1126, 0.0000, 0.0000)
  Cmd:   v=0.5000 w=0.1654


+=simulator+=
  VSI time: 235080100 ns
  Robot: (0.1136, 0.2698, -0.2370)
  Path:  (0.1126, 0.0000, 0.0000)
  Cmd:   v=0.5000 w=0.1651


+=simulator+=
  VSI time: 236080100 ns
  Robot: (0.1140, 0.2697, -0.2368)
  Path:  (0.1126, 0.0000, 0.0000)
  Cmd:   v=0.5000 w=0.1649


+=simulator+=
  VSI time: 237080100 ns
  Robot: (0.1145, 0.2696, -0.2367)
  Path:  (0.1126, 0.0000, 0.0000)
  Cmd:   v=0.5000 w=0.1646


+=simulator+=
  VSI time: 238080100 ns
  Robot: (0.1150, 0.2695, -0.2365)
  Path:  (0.1126, 0.0000, 0.0000)
  Cmd:   v=0.5000 w=0.1643


+=simulator+=
  VSI time: 239080100 ns
  Robot: (0.1155, 0.2694, -0.2363)
  Path:  (0.1126, 0.0000, 0.0000)
  Cmd:   v=0.5000 w=0.1640


+=simulator+=
  VSI time: 240080100 ns
  Robot: (0.1160, 0.2693, -0.2362)
  Path:  (0.1126, 0.0000, 0.0000)
  Cmd:   v=0.5000 w=0.1637


+=simulator+=
  VSI time: 241080100 ns
  Robot: (0.1165, 0.2691, -0.2360)
  Path:  (0.1201, 0.0000, 0.0000)
  Cmd:   v=0.5000 w=0.1634


+=simulator+=
  VSI time: 242080100 ns
  Robot: (0.1170, 0.2690, -0.2358)
  Path:  (0.1201, 0.0000, 0.0000)
  Cmd:   v=0.5000 w=0.1631


+=simulator+=
  VSI time: 243080100 ns
  Robot: (0.1174, 0.2689, -0.2357)
  Path:  (0.1201, 0.0000, 0.0000)
  Cmd:   v=0.5000 w=0.1629


+=simulator+=
  VSI time: 244080100 ns
  Robot: (0.1179, 0.2688, -0.2355)
  Path:  (0.1201, 0.0000, 0.0000)
  Cmd:   v=0.5000 w=0.1626


+=simulator+=
  VSI time: 245080100 ns
  Robot: (0.1184, 0.2687, -0.2354)
  Path:  (0.1201, 0.0000, 0.0000)
  Cmd:   v=0.5000 w=0.1623


+=simulator+=
  VSI time: 246080100 ns
  Robot: (0.1189, 0.2686, -0.2352)
  Path:  (0.1201, 0.0000, 0.0000)
  Cmd:   v=0.5000 w=0.1620


+=simulator+=
  VSI time: 247080100 ns
  Robot: (0.1194, 0.2684, -0.2350)
  Path:  (0.1201, 0.0000, 0.0000)
  Cmd:   v=0.5000 w=0.1617


+=simulator+=
  VSI time: 248080100 ns
  Robot: (0.1199, 0.2683, -0.2349)
  Path:  (0.1201, 0.0000, 0.0000)
  Cmd:   v=0.5000 w=0.1615


+=simulator+=
  VSI time: 249080100 ns
  Robot: (0.1204, 0.2682, -0.2347)
  Path:  (0.1201, 0.0000, 0.0000)
  Cmd:   v=0.5000 w=0.1612


+=simulator+=
  VSI time: 250080100 ns
  Robot: (0.1208, 0.2681, -0.2345)
  Path:  (0.1201, 0.0000, 0.0000)
  Cmd:   v=0.5000 w=0.1609


+=simulator+=
  VSI time: 251080100 ns
  Robot: (0.1213, 0.2680, -0.2344)
  Path:  (0.1201, 0.0000, 0.0000)
  Cmd:   v=0.5000 w=0.1606


+=simulator+=
  VSI time: 252080100 ns
  Robot: (0.1218, 0.2679, -0.2342)
  Path:  (0.1201, 0.0000, 0.0000)
  Cmd:   v=0.5000 w=0.1603


+=simulator+=
  VSI time: 253080100 ns
  Robot: (0.1223, 0.2677, -0.2341)
  Path:  (0.1201, 0.0000, 0.0000)
  Cmd:   v=0.5000 w=0.1601


+=simulator+=
  VSI time: 254080100 ns
  Robot: (0.1228, 0.2676, -0.2339)
  Path:  (0.1201, 0.0000, 0.0000)
  Cmd:   v=0.5000 w=0.1598


+=simulator+=
  VSI time: 255080100 ns
  Robot: (0.1233, 0.2675, -0.2337)
  Path:  (0.1201, 0.0000, 0.0000)
  Cmd:   v=0.5000 w=0.1595


+=simulator+=
  VSI time: 256080100 ns
  Robot: (0.1238, 0.2674, -0.2336)
  Path:  (0.1201, 0.0000, 0.0000)
  Cmd:   v=0.5000 w=0.1592


+=simulator+=
  VSI time: 257080100 ns
  Robot: (0.1242, 0.2673, -0.2334)
  Path:  (0.1276, 0.0000, 0.0000)
  Cmd:   v=0.5000 w=0.1590


+=simulator+=
  VSI time: 258080100 ns
  Robot: (0.1247, 0.2672, -0.2333)
  Path:  (0.1276, 0.0000, 0.0000)
  Cmd:   v=0.5000 w=0.1587


+=simulator+=
  VSI time: 259080100 ns
  Robot: (0.1252, 0.2670, -0.2331)
  Path:  (0.1276, 0.0000, 0.0000)
  Cmd:   v=0.5000 w=0.1584


+=simulator+=
  VSI time: 260080100 ns
  Robot: (0.1257, 0.2669, -0.2330)
  Path:  (0.1276, 0.0000, 0.0000)
  Cmd:   v=0.5000 w=0.1582


+=simulator+=
  VSI time: 261080100 ns
  Robot: (0.1262, 0.2668, -0.2328)
  Path:  (0.1276, 0.0000, 0.0000)
  Cmd:   v=0.5000 w=0.1579


+=simulator+=
  VSI time: 262080100 ns
  Robot: (0.1267, 0.2667, -0.2326)
  Path:  (0.1276, 0.0000, 0.0000)
  Cmd:   v=0.5000 w=0.1576


+=simulator+=
  VSI time: 263080100 ns
  Robot: (0.1272, 0.2666, -0.2325)
  Path:  (0.1276, 0.0000, 0.0000)
  Cmd:   v=0.5000 w=0.1573


+=simulator+=
  VSI time: 264080100 ns
  Robot: (0.1277, 0.2665, -0.2323)
  Path:  (0.1276, 0.0000, 0.0000)
  Cmd:   v=0.5000 w=0.1571


+=simulator+=
  VSI time: 265080100 ns
  Robot: (0.1281, 0.2664, -0.2322)
  Path:  (0.1276, 0.0000, 0.0000)
  Cmd:   v=0.5000 w=0.1568


+=simulator+=
  VSI time: 266080100 ns
  Robot: (0.1286, 0.2662, -0.2320)
  Path:  (0.1276, 0.0000, 0.0000)
  Cmd:   v=0.5000 w=0.1565


+=simulator+=
  VSI time: 267080100 ns
  Robot: (0.1291, 0.2661, -0.2319)
  Path:  (0.1276, 0.0000, 0.0000)
  Cmd:   v=0.5000 w=0.1563


+=simulator+=
  VSI time: 268080100 ns
  Robot: (0.1296, 0.2660, -0.2317)
  Path:  (0.1276, 0.0000, 0.0000)
  Cmd:   v=0.5000 w=0.1560


+=simulator+=
  VSI time: 269080100 ns
  Robot: (0.1301, 0.2659, -0.2315)
  Path:  (0.1276, 0.0000, 0.0000)
  Cmd:   v=0.5000 w=0.1557


+=simulator+=
  VSI time: 270080100 ns
  Robot: (0.1306, 0.2658, -0.2314)
  Path:  (0.1276, 0.0000, 0.0000)
  Cmd:   v=0.5000 w=0.1555


+=simulator+=
  VSI time: 271080100 ns
  Robot: (0.1311, 0.2657, -0.2312)
  Path:  (0.1276, 0.0000, 0.0000)
  Cmd:   v=0.5000 w=0.1552


+=simulator+=
  VSI time: 272080100 ns
  Robot: (0.1315, 0.2656, -0.2311)
  Path:  (0.1351, 0.0000, 0.0000)
  Cmd:   v=0.5000 w=0.1549


+=simulator+=
  VSI time: 273080100 ns
  Robot: (0.1320, 0.2654, -0.2309)
  Path:  (0.1351, 0.0000, 0.0000)
  Cmd:   v=0.5000 w=0.1547


+=simulator+=
  VSI time: 274080100 ns
  Robot: (0.1325, 0.2653, -0.2308)
  Path:  (0.1351, 0.0000, 0.0000)
  Cmd:   v=0.5000 w=0.1544


+=simulator+=
  VSI time: 275080100 ns
  Robot: (0.1330, 0.2652, -0.2306)
  Path:  (0.1351, 0.0000, 0.0000)
  Cmd:   v=0.5000 w=0.1542


+=simulator+=
  VSI time: 276080100 ns
  Robot: (0.1335, 0.2651, -0.2305)
  Path:  (0.1351, 0.0000, 0.0000)
  Cmd:   v=0.5000 w=0.1539


+=simulator+=
  VSI time: 277080100 ns
  Robot: (0.1340, 0.2650, -0.2303)
  Path:  (0.1351, 0.0000, 0.0000)
  Cmd:   v=0.5000 w=0.1536


+=simulator+=
  VSI time: 278080100 ns
  Robot: (0.1345, 0.2649, -0.2302)
  Path:  (0.1351, 0.0000, 0.0000)
  Cmd:   v=0.5000 w=0.1534


+=simulator+=
  VSI time: 279080100 ns
  Robot: (0.1350, 0.2648, -0.2300)
  Path:  (0.1351, 0.0000, 0.0000)
  Cmd:   v=0.5000 w=0.1531


+=simulator+=
  VSI time: 280080100 ns
  Robot: (0.1354, 0.2646, -0.2298)
  Path:  (0.1351, 0.0000, 0.0000)
  Cmd:   v=0.5000 w=0.1529


+=simulator+=
  VSI time: 281080100 ns
  Robot: (0.1359, 0.2645, -0.2297)
  Path:  (0.1351, 0.0000, 0.0000)
  Cmd:   v=0.5000 w=0.1526


+=simulator+=
  VSI time: 282080100 ns
  Robot: (0.1364, 0.2644, -0.2295)
  Path:  (0.1351, 0.0000, 0.0000)
  Cmd:   v=0.5000 w=0.1523


+=simulator+=
  VSI time: 283080100 ns
  Robot: (0.1369, 0.2643, -0.2294)
  Path:  (0.1351, 0.0000, 0.0000)
  Cmd:   v=0.5000 w=0.1521


+=simulator+=
  VSI time: 284080100 ns
  Robot: (0.1374, 0.2642, -0.2292)
  Path:  (0.1351, 0.0000, 0.0000)
  Cmd:   v=0.5000 w=0.1518


+=simulator+=
  VSI time: 285080100 ns
  Robot: (0.1379, 0.2641, -0.2291)
  Path:  (0.1351, 0.0000, 0.0000)
  Cmd:   v=0.5000 w=0.1516


+=simulator+=
  VSI time: 286080100 ns
  Robot: (0.1384, 0.2640, -0.2289)
  Path:  (0.1351, 0.0000, 0.0000)
  Cmd:   v=0.5000 w=0.1513


+=simulator+=
  VSI time: 287080100 ns
  Robot: (0.1389, 0.2638, -0.2288)
  Path:  (0.1426, 0.0000, 0.0000)
  Cmd:   v=0.5000 w=0.1511


+=simulator+=
  VSI time: 288080100 ns
  Robot: (0.1393, 0.2637, -0.2286)
  Path:  (0.1426, 0.0000, 0.0000)
  Cmd:   v=0.5000 w=0.1508


+=simulator+=
  VSI time: 289080100 ns
  Robot: (0.1398, 0.2636, -0.2285)
  Path:  (0.1426, 0.0000, 0.0000)
  Cmd:   v=0.5000 w=0.1506


+=simulator+=
  VSI time: 290080100 ns
  Robot: (0.1403, 0.2635, -0.2283)
  Path:  (0.1426, 0.0000, 0.0000)
  Cmd:   v=0.5000 w=0.1503


+=simulator+=
  VSI time: 291080100 ns
  Robot: (0.1408, 0.2634, -0.2282)
  Path:  (0.1426, 0.0000, 0.0000)
  Cmd:   v=0.5000 w=0.1501


+=simulator+=
  VSI time: 292080100 ns
  Robot: (0.1413, 0.2633, -0.2280)
  Path:  (0.1426, 0.0000, 0.0000)
  Cmd:   v=0.5000 w=0.1498


+=simulator+=
  VSI time: 293080100 ns
  Robot: (0.1418, 0.2632, -0.2279)
  Path:  (0.1426, 0.0000, 0.0000)
  Cmd:   v=0.5000 w=0.1496

Killed
make[1]: *** [Makefile.client0:31: sim] Error 137
make[1]: Leaving directory '/data/tools/pave/innexis_home/vsi_2025.2/examples/vsiTutorials/robot-line-follower/src/lineFollowerDT'
